TN:
SF:src\config\firebase.js
FN:7,(anonymous_0)
FN:14,(anonymous_1)
FN:65,(anonymous_2)
FN:72,(anonymous_3)
FN:79,(anonymous_4)
FN:86,(anonymous_5)
FN:93,(anonymous_6)
FN:100,(anonymous_7)
FN:107,(anonymous_8)
FN:116,(anonymous_9)
FN:123,(anonymous_10)
FN:130,(anonymous_11)
FN:137,(anonymous_12)
FN:144,(anonymous_13)
FN:151,(anonymous_14)
FN:158,(anonymous_15)
FN:165,(anonymous_16)
FN:172,(anonymous_17)
FN:179,(anonymous_18)
FN:186,(anonymous_19)
FN:197,(anonymous_20)
FN:213,(anonymous_21)
FN:227,(anonymous_22)
FN:271,(anonymous_23)
FN:289,(anonymous_24)
FN:297,(anonymous_25)
FN:333,initializeFirebase
FN:386,getFirebaseAdmin
FNF:28
FNH:0
FNDA:0,(anonymous_0)
FNDA:0,(anonymous_1)
FNDA:0,(anonymous_2)
FNDA:0,(anonymous_3)
FNDA:0,(anonymous_4)
FNDA:0,(anonymous_5)
FNDA:0,(anonymous_6)
FNDA:0,(anonymous_7)
FNDA:0,(anonymous_8)
FNDA:0,(anonymous_9)
FNDA:0,(anonymous_10)
FNDA:0,(anonymous_11)
FNDA:0,(anonymous_12)
FNDA:0,(anonymous_13)
FNDA:0,(anonymous_14)
FNDA:0,(anonymous_15)
FNDA:0,(anonymous_16)
FNDA:0,(anonymous_17)
FNDA:0,(anonymous_18)
FNDA:0,(anonymous_19)
FNDA:0,(anonymous_20)
FNDA:0,(anonymous_21)
FNDA:0,(anonymous_22)
FNDA:0,(anonymous_23)
FNDA:0,(anonymous_24)
FNDA:0,(anonymous_25)
FNDA:0,initializeFirebase
FNDA:0,getFirebaseAdmin
DA:8,0
DA:15,0
DA:66,0
DA:73,0
DA:80,0
DA:87,0
DA:94,0
DA:101,0
DA:108,0
DA:117,0
DA:124,0
DA:131,0
DA:138,0
DA:145,0
DA:152,0
DA:159,0
DA:166,0
DA:173,0
DA:180,0
DA:187,0
DA:198,0
DA:214,0
DA:228,0
DA:230,0
DA:231,0
DA:234,0
DA:235,0
DA:238,0
DA:239,0
DA:242,0
DA:243,0
DA:246,0
DA:247,0
DA:250,0
DA:251,0
DA:254,0
DA:255,0
DA:258,0
DA:259,0
DA:262,0
DA:272,0
DA:290,0
DA:291,0
DA:298,0
DA:328,0
DA:334,0
DA:335,0
DA:338,0
DA:339,0
DA:340,0
DA:344,0
DA:347,0
DA:358,0
DA:359,0
DA:360,0
DA:364,0
DA:371,0
DA:373,0
DA:374,0
DA:377,0
DA:378,0
DA:379,0
DA:387,0
DA:388,0
DA:389,0
DA:391,0
DA:394,0
LF:67
LH:0
BRDA:22,0,0,0
BRDA:22,0,1,0
BRDA:23,1,0,0
BRDA:23,1,1,0
BRDA:24,2,0,0
BRDA:24,2,1,0
BRDA:28,3,0,0
BRDA:28,3,1,0
BRDA:29,4,0,0
BRDA:29,4,1,0
BRDA:31,5,0,0
BRDA:31,5,1,0
BRDA:32,6,0,0
BRDA:32,6,1,0
BRDA:37,7,0,0
BRDA:37,7,1,0
BRDA:38,8,0,0
BRDA:38,8,1,0
BRDA:39,9,0,0
BRDA:39,9,1,0
BRDA:40,10,0,0
BRDA:40,10,1,0
BRDA:41,11,0,0
BRDA:41,11,1,0
BRDA:42,12,0,0
BRDA:42,12,1,0
BRDA:43,13,0,0
BRDA:43,13,1,0
BRDA:49,14,0,0
BRDA:49,14,1,0
BRDA:50,15,0,0
BRDA:50,15,1,0
BRDA:56,16,0,0
BRDA:56,16,1,0
BRDA:230,17,0,0
BRDA:230,17,1,0
BRDA:234,18,0,0
BRDA:234,18,1,0
BRDA:238,19,0,0
BRDA:238,19,1,0
BRDA:242,20,0,0
BRDA:242,20,1,0
BRDA:246,21,0,0
BRDA:246,21,1,0
BRDA:250,22,0,0
BRDA:250,22,1,0
BRDA:254,23,0,0
BRDA:254,23,1,0
BRDA:258,24,0,0
BRDA:258,24,1,0
BRDA:338,25,0,0
BRDA:338,25,1,0
BRDA:347,26,0,0
BRDA:347,26,1,0
BRDA:347,27,0,0
BRDA:347,27,1,0
BRDA:347,27,2,0
BRDA:347,27,3,0
BRDA:347,27,4,0
BRDA:347,27,5,0
BRDA:347,27,6,0
BRDA:347,27,7,0
BRDA:347,27,8,0
BRDA:347,27,9,0
BRDA:347,27,10,0
BRDA:387,28,0,0
BRDA:387,28,1,0
BRF:67
BRH:0
end_of_record
TN:
SF:src\config\redis.js
FN:7,(anonymous_0)
FN:14,(anonymous_1)
FN:90,(anonymous_2)
FN:97,(anonymous_3)
FN:104,(anonymous_4)
FN:111,(anonymous_5)
FN:118,(anonymous_6)
FN:125,(anonymous_7)
FN:132,(anonymous_8)
FN:139,(anonymous_9)
FN:146,(anonymous_10)
FN:153,(anonymous_11)
FN:160,(anonymous_12)
FN:167,(anonymous_13)
FN:174,(anonymous_14)
FN:181,(anonymous_15)
FN:188,(anonymous_16)
FN:221,(anonymous_17)
FN:243,(anonymous_18)
FN:252,(anonymous_19)
FN:259,(anonymous_20)
FN:266,(anonymous_21)
FN:273,(anonymous_22)
FN:280,(anonymous_23)
FN:287,(anonymous_24)
FN:294,(anonymous_25)
FN:301,(anonymous_26)
FN:308,(anonymous_27)
FN:352,(anonymous_28)
FN:375,(anonymous_29)
FN:383,(anonymous_30)
FN:434,connectRedis
FN:453,(anonymous_32)
FN:457,(anonymous_33)
FN:461,(anonymous_34)
FN:485,getRedisClient
FNF:36
FNH:0
FNDA:0,(anonymous_0)
FNDA:0,(anonymous_1)
FNDA:0,(anonymous_2)
FNDA:0,(anonymous_3)
FNDA:0,(anonymous_4)
FNDA:0,(anonymous_5)
FNDA:0,(anonymous_6)
FNDA:0,(anonymous_7)
FNDA:0,(anonymous_8)
FNDA:0,(anonymous_9)
FNDA:0,(anonymous_10)
FNDA:0,(anonymous_11)
FNDA:0,(anonymous_12)
FNDA:0,(anonymous_13)
FNDA:0,(anonymous_14)
FNDA:0,(anonymous_15)
FNDA:0,(anonymous_16)
FNDA:0,(anonymous_17)
FNDA:0,(anonymous_18)
FNDA:0,(anonymous_19)
FNDA:0,(anonymous_20)
FNDA:0,(anonymous_21)
FNDA:0,(anonymous_22)
FNDA:0,(anonymous_23)
FNDA:0,(anonymous_24)
FNDA:0,(anonymous_25)
FNDA:0,(anonymous_26)
FNDA:0,(anonymous_27)
FNDA:0,(anonymous_28)
FNDA:0,(anonymous_29)
FNDA:0,(anonymous_30)
FNDA:0,connectRedis
FNDA:0,(anonymous_32)
FNDA:0,(anonymous_33)
FNDA:0,(anonymous_34)
FNDA:0,getRedisClient
DA:8,0
DA:15,0
DA:91,0
DA:98,0
DA:105,0
DA:112,0
DA:119,0
DA:126,0
DA:133,0
DA:140,0
DA:147,0
DA:154,0
DA:161,0
DA:168,0
DA:175,0
DA:182,0
DA:189,0
DA:201,0
DA:202,0
DA:206,0
DA:207,0
DA:215,0
DA:222,0
DA:244,0
DA:253,0
DA:260,0
DA:267,0
DA:274,0
DA:281,0
DA:288,0
DA:295,0
DA:302,0
DA:309,0
DA:311,0
DA:312,0
DA:315,0
DA:316,0
DA:319,0
DA:320,0
DA:323,0
DA:324,0
DA:327,0
DA:328,0
DA:331,0
DA:332,0
DA:335,0
DA:336,0
DA:339,0
DA:340,0
DA:343,0
DA:353,0
DA:376,0
DA:377,0
DA:384,0
DA:429,0
DA:435,0
DA:436,0
DA:439,0
DA:440,0
DA:441,0
DA:442,0
DA:443,0
DA:446,0
DA:453,0
DA:454,0
DA:457,0
DA:458,0
DA:461,0
DA:462,0
DA:466,0
DA:469,0
DA:471,0
DA:472,0
DA:475,0
DA:477,0
DA:478,0
DA:486,0
DA:489,0
LF:78
LH:0
BRDA:17,0,0,0
BRDA:17,0,1,0
BRDA:18,1,0,0
BRDA:18,1,1,0
BRDA:19,2,0,0
BRDA:19,2,1,0
BRDA:20,3,0,0
BRDA:20,3,1,0
BRDA:21,4,0,0
BRDA:21,4,1,0
BRDA:25,5,0,0
BRDA:25,5,1,0
BRDA:26,6,0,0
BRDA:26,6,1,0
BRDA:27,7,0,0
BRDA:27,7,1,0
BRDA:28,8,0,0
BRDA:28,8,1,0
BRDA:29,9,0,0
BRDA:29,9,1,0
BRDA:30,10,0,0
BRDA:30,10,1,0
BRDA:31,11,0,0
BRDA:31,11,1,0
BRDA:32,12,0,0
BRDA:32,12,1,0
BRDA:37,13,0,0
BRDA:37,13,1,0
BRDA:38,14,0,0
BRDA:38,14,1,0
BRDA:39,15,0,0
BRDA:39,15,1,0
BRDA:40,16,0,0
BRDA:40,16,1,0
BRDA:41,17,0,0
BRDA:41,17,1,0
BRDA:42,18,0,0
BRDA:42,18,1,0
BRDA:43,19,0,0
BRDA:43,19,1,0
BRDA:48,20,0,0
BRDA:48,20,1,0
BRDA:49,21,0,0
BRDA:49,21,1,0
BRDA:50,22,0,0
BRDA:50,22,1,0
BRDA:51,23,0,0
BRDA:51,23,1,0
BRDA:52,24,0,0
BRDA:52,24,1,0
BRDA:57,25,0,0
BRDA:57,25,1,0
BRDA:58,26,0,0
BRDA:58,26,1,0
BRDA:59,27,0,0
BRDA:59,27,1,0
BRDA:65,28,0,0
BRDA:65,28,1,0
BRDA:66,29,0,0
BRDA:66,29,1,0
BRDA:67,30,0,0
BRDA:67,30,1,0
BRDA:73,31,0,0
BRDA:73,31,1,0
BRDA:74,32,0,0
BRDA:74,32,1,0
BRDA:75,33,0,0
BRDA:75,33,1,0
BRDA:81,34,0,0
BRDA:81,34,1,0
BRDA:82,35,0,0
BRDA:82,35,1,0
BRDA:201,36,0,0
BRDA:201,36,1,0
BRDA:206,37,0,0
BRDA:206,37,1,0
BRDA:311,38,0,0
BRDA:311,38,1,0
BRDA:315,39,0,0
BRDA:315,39,1,0
BRDA:315,40,0,0
BRDA:315,40,1,0
BRDA:319,41,0,0
BRDA:319,41,1,0
BRDA:319,42,0,0
BRDA:319,42,1,0
BRDA:323,43,0,0
BRDA:323,43,1,0
BRDA:327,44,0,0
BRDA:327,44,1,0
BRDA:331,45,0,0
BRDA:331,45,1,0
BRDA:335,46,0,0
BRDA:335,46,1,0
BRDA:339,47,0,0
BRDA:339,47,1,0
BRDA:447,48,0,0
BRDA:447,48,1,0
BRDA:448,49,0,0
BRDA:448,49,1,0
BRDA:449,50,0,0
BRDA:449,50,1,0
BRF:102
BRH:0
end_of_record
TN:
SF:src\config\wppconnect.js
FN:7,(anonymous_0)
FN:14,(anonymous_1)
FN:55,(anonymous_2)
FN:62,(anonymous_3)
FN:69,(anonymous_4)
FN:76,(anonymous_5)
FN:83,(anonymous_6)
FN:90,(anonymous_7)
FN:97,(anonymous_8)
FN:104,(anonymous_9)
FN:111,(anonymous_10)
FN:121,(anonymous_11)
FN:133,(anonymous_12)
FN:143,(anonymous_13)
FN:150,(anonymous_14)
FN:157,(anonymous_15)
FN:164,(anonymous_16)
FN:171,(anonymous_17)
FN:178,(anonymous_18)
FN:185,(anonymous_19)
FN:192,(anonymous_20)
FN:199,(anonymous_21)
FN:206,(anonymous_22)
FN:213,(anonymous_23)
FN:220,(anonymous_24)
FN:227,(anonymous_25)
FN:234,(anonymous_26)
FN:245,(anonymous_27)
FN:262,(anonymous_28)
FN:294,(anonymous_29)
FN:313,(anonymous_30)
FNF:31
FNH:0
FNDA:0,(anonymous_0)
FNDA:0,(anonymous_1)
FNDA:0,(anonymous_2)
FNDA:0,(anonymous_3)
FNDA:0,(anonymous_4)
FNDA:0,(anonymous_5)
FNDA:0,(anonymous_6)
FNDA:0,(anonymous_7)
FNDA:0,(anonymous_8)
FNDA:0,(anonymous_9)
FNDA:0,(anonymous_10)
FNDA:0,(anonymous_11)
FNDA:0,(anonymous_12)
FNDA:0,(anonymous_13)
FNDA:0,(anonymous_14)
FNDA:0,(anonymous_15)
FNDA:0,(anonymous_16)
FNDA:0,(anonymous_17)
FNDA:0,(anonymous_18)
FNDA:0,(anonymous_19)
FNDA:0,(anonymous_20)
FNDA:0,(anonymous_21)
FNDA:0,(anonymous_22)
FNDA:0,(anonymous_23)
FNDA:0,(anonymous_24)
FNDA:0,(anonymous_25)
FNDA:0,(anonymous_26)
FNDA:0,(anonymous_27)
FNDA:0,(anonymous_28)
FNDA:0,(anonymous_29)
FNDA:0,(anonymous_30)
DA:8,0
DA:15,0
DA:56,0
DA:63,0
DA:70,0
DA:77,0
DA:84,0
DA:91,0
DA:98,0
DA:105,0
DA:112,0
DA:122,0
DA:123,0
DA:124,0
DA:127,0
DA:130,0
DA:133,0
DA:134,0
DA:137,0
DA:144,0
DA:151,0
DA:158,0
DA:165,0
DA:172,0
DA:179,0
DA:186,0
DA:193,0
DA:200,0
DA:207,0
DA:214,0
DA:221,0
DA:228,0
DA:235,0
DA:246,0
DA:252,0
DA:253,0
DA:256,0
DA:263,0
DA:265,0
DA:266,0
DA:269,0
DA:270,0
DA:273,0
DA:274,0
DA:277,0
DA:278,0
DA:281,0
DA:282,0
DA:285,0
DA:295,0
DA:314,0
DA:315,0
DA:320,0
DA:322,0
LF:54
LH:0
BRDA:17,0,0,0
BRDA:17,0,1,0
BRDA:18,1,0,0
BRDA:18,1,1,0
BRDA:21,2,0,0
BRDA:21,2,1,0
BRDA:22,3,0,0
BRDA:22,3,1,0
BRDA:23,4,0,0
BRDA:23,4,1,0
BRDA:27,5,0,0
BRDA:27,5,1,0
BRDA:30,6,0,0
BRDA:30,6,1,0
BRDA:31,7,0,0
BRDA:31,7,1,0
BRDA:121,8,0,0
BRDA:123,9,0,0
BRDA:123,9,1,0
BRDA:245,10,0,0
BRDA:245,11,0,0
BRDA:252,12,0,0
BRDA:252,12,1,0
BRDA:265,13,0,0
BRDA:265,13,1,0
BRDA:269,14,0,0
BRDA:269,14,1,0
BRDA:273,15,0,0
BRDA:273,15,1,0
BRDA:277,16,0,0
BRDA:277,16,1,0
BRDA:281,17,0,0
BRDA:281,17,1,0
BRF:33
BRH:0
end_of_record
TN:
SF:src\controllers\authController.js
FN:13,(anonymous_0)
FN:18,(anonymous_1)
FN:26,(anonymous_2)
FN:44,(anonymous_3)
FN:49,(anonymous_4)
FN:99,(anonymous_5)
FN:104,(anonymous_6)
FN:141,(anonymous_7)
FN:160,(anonymous_8)
FN:198,(anonymous_9)
FN:249,(anonymous_10)
FN:274,(anonymous_11)
FNF:12
FNH:0
FNDA:0,(anonymous_0)
FNDA:0,(anonymous_1)
FNDA:0,(anonymous_2)
FNDA:0,(anonymous_3)
FNDA:0,(anonymous_4)
FNDA:0,(anonymous_5)
FNDA:0,(anonymous_6)
FNDA:0,(anonymous_7)
FNDA:0,(anonymous_8)
FNDA:0,(anonymous_9)
FNDA:0,(anonymous_10)
FNDA:0,(anonymous_11)
DA:6,0
DA:7,0
DA:8,0
DA:9,0
DA:10,0
DA:13,0
DA:14,0
DA:15,0
DA:18,0
DA:19,0
DA:20,0
DA:26,0
DA:27,0
DA:44,0
DA:45,0
DA:47,0
DA:49,0
DA:50,0
DA:51,0
DA:55,0
DA:58,0
DA:59,0
DA:71,0
DA:74,0
DA:77,0
DA:78,0
DA:80,0
DA:82,0
DA:91,0
DA:92,0
DA:99,0
DA:100,0
DA:102,0
DA:104,0
DA:105,0
DA:106,0
DA:110,0
DA:111,0
DA:112,0
DA:116,0
DA:119,0
DA:120,0
DA:122,0
DA:124,0
DA:133,0
DA:134,0
DA:141,0
DA:142,0
DA:145,0
DA:147,0
DA:152,0
DA:153,0
DA:160,0
DA:161,0
DA:163,0
DA:166,0
DA:173,0
DA:175,0
DA:176,0
DA:180,0
DA:181,0
DA:183,0
DA:190,0
DA:191,0
DA:198,0
DA:199,0
DA:201,0
DA:202,0
DA:205,0
DA:206,0
DA:207,0
DA:209,0
DA:223,0
DA:229,0
DA:235,0
DA:236,0
DA:237,0
DA:239,0
DA:240,0
DA:242,0
DA:249,0
DA:250,0
DA:252,0
DA:255,0
DA:257,0
DA:266,0
DA:267,0
DA:274,0
DA:275,0
DA:276,0
DA:278,0
DA:279,0
DA:280,0
DA:284,0
DA:285,0
DA:287,0
DA:290,0
DA:291,0
DA:293,0
DA:299,0
DA:300,0
DA:304,0
LF:102
LH:0
BRDA:36,0,0,0
BRDA:36,0,1,0
BRDA:45,1,0,0
BRDA:50,2,0,0
BRDA:50,2,1,0
BRDA:66,3,0,0
BRDA:66,3,1,0
BRDA:105,4,0,0
BRDA:105,4,1,0
BRDA:111,5,0,0
BRDA:111,5,1,0
BRDA:163,6,0,0
BRDA:163,6,1,0
BRDA:175,7,0,0
BRDA:175,7,1,0
BRDA:207,8,0,0
BRDA:207,8,1,0
BRDA:213,9,0,0
BRDA:213,9,1,0
BRDA:214,10,0,0
BRDA:214,10,1,0
BRDA:215,11,0,0
BRDA:215,11,1,0
BRDA:216,12,0,0
BRDA:216,12,1,0
BRDA:217,13,0,0
BRDA:217,13,1,0
BRDA:217,13,2,0
BRDA:218,14,0,0
BRDA:218,14,1,0
BRDA:218,14,2,0
BRDA:236,15,0,0
BRDA:236,15,1,0
BRDA:239,16,0,0
BRDA:239,16,1,0
BRDA:276,17,0,0
BRDA:276,17,1,0
BRDA:284,18,0,0
BRDA:284,18,1,0
BRDA:285,19,0,0
BRDA:285,19,1,0
BRF:41
BRH:0
end_of_record
TN:
SF:src\controllers\authController_new.js
FN:15,(anonymous_0)
FN:20,(anonymous_1)
FN:28,(anonymous_2)
FN:44,(anonymous_3)
FN:49,(anonymous_4)
FN:99,(anonymous_5)
FN:104,(anonymous_6)
FN:141,(anonymous_7)
FN:160,(anonymous_8)
FN:188,(anonymous_9)
FN:239,(anonymous_10)
FN:264,(anonymous_11)
FNF:12
FNH:0
FNDA:0,(anonymous_0)
FNDA:0,(anonymous_1)
FNDA:0,(anonymous_2)
FNDA:0,(anonymous_3)
FNDA:0,(anonymous_4)
FNDA:0,(anonymous_5)
FNDA:0,(anonymous_6)
FNDA:0,(anonymous_7)
FNDA:0,(anonymous_8)
FNDA:0,(anonymous_9)
FNDA:0,(anonymous_10)
FNDA:0,(anonymous_11)
DA:6,0
DA:7,0
DA:8,0
DA:9,0
DA:12,0
DA:15,0
DA:16,0
DA:17,0
DA:20,0
DA:21,0
DA:22,0
DA:28,0
DA:29,0
DA:44,0
DA:45,0
DA:47,0
DA:49,0
DA:50,0
DA:51,0
DA:55,0
DA:58,0
DA:59,0
DA:71,0
DA:74,0
DA:77,0
DA:78,0
DA:80,0
DA:82,0
DA:91,0
DA:92,0
DA:99,0
DA:100,0
DA:102,0
DA:104,0
DA:105,0
DA:106,0
DA:110,0
DA:111,0
DA:112,0
DA:116,0
DA:119,0
DA:120,0
DA:122,0
DA:124,0
DA:133,0
DA:134,0
DA:141,0
DA:142,0
DA:145,0
DA:147,0
DA:152,0
DA:153,0
DA:160,0
DA:161,0
DA:162,0
DA:163,0
DA:165,0
DA:166,0
DA:170,0
DA:171,0
DA:173,0
DA:180,0
DA:181,0
DA:188,0
DA:189,0
DA:191,0
DA:192,0
DA:195,0
DA:196,0
DA:197,0
DA:199,0
DA:213,0
DA:219,0
DA:225,0
DA:226,0
DA:227,0
DA:229,0
DA:230,0
DA:232,0
DA:239,0
DA:240,0
DA:242,0
DA:245,0
DA:247,0
DA:256,0
DA:257,0
DA:264,0
DA:265,0
DA:266,0
DA:268,0
DA:269,0
DA:270,0
DA:274,0
DA:275,0
DA:277,0
DA:280,0
DA:281,0
DA:283,0
DA:289,0
DA:290,0
DA:294,0
LF:101
LH:0
BRDA:36,0,0,0
BRDA:36,0,1,0
BRDA:45,1,0,0
BRDA:50,2,0,0
BRDA:50,2,1,0
BRDA:66,3,0,0
BRDA:66,3,1,0
BRDA:105,4,0,0
BRDA:105,4,1,0
BRDA:111,5,0,0
BRDA:111,5,1,0
BRDA:165,6,0,0
BRDA:165,6,1,0
BRDA:197,7,0,0
BRDA:197,7,1,0
BRDA:203,8,0,0
BRDA:203,8,1,0
BRDA:204,9,0,0
BRDA:204,9,1,0
BRDA:205,10,0,0
BRDA:205,10,1,0
BRDA:206,11,0,0
BRDA:206,11,1,0
BRDA:207,12,0,0
BRDA:207,12,1,0
BRDA:207,12,2,0
BRDA:208,13,0,0
BRDA:208,13,1,0
BRDA:208,13,2,0
BRDA:226,14,0,0
BRDA:226,14,1,0
BRDA:229,15,0,0
BRDA:229,15,1,0
BRDA:266,16,0,0
BRDA:266,16,1,0
BRDA:274,17,0,0
BRDA:274,17,1,0
BRDA:275,18,0,0
BRDA:275,18,1,0
BRF:39
BRH:0
end_of_record
TN:
SF:src\controllers\communicationController.js
FN:13,(anonymous_0)
FN:47,(anonymous_1)
FN:85,(anonymous_2)
FN:112,(anonymous_3)
FN:146,(anonymous_4)
FN:169,(anonymous_5)
FN:193,(anonymous_6)
FN:227,(anonymous_7)
FN:251,(anonymous_8)
FN:275,(anonymous_9)
FN:303,(anonymous_10)
FN:329,(anonymous_11)
FN:352,(anonymous_12)
FN:376,(anonymous_13)
FN:413,(anonymous_14)
FN:440,(anonymous_15)
FN:468,(anonymous_16)
FN:490,(anonymous_17)
FNF:18
FNH:0
FNDA:0,(anonymous_0)
FNDA:0,(anonymous_1)
FNDA:0,(anonymous_2)
FNDA:0,(anonymous_3)
FNDA:0,(anonymous_4)
FNDA:0,(anonymous_5)
FNDA:0,(anonymous_6)
FNDA:0,(anonymous_7)
FNDA:0,(anonymous_8)
FNDA:0,(anonymous_9)
FNDA:0,(anonymous_10)
FNDA:0,(anonymous_11)
FNDA:0,(anonymous_12)
FNDA:0,(anonymous_13)
FNDA:0,(anonymous_14)
FNDA:0,(anonymous_15)
FNDA:0,(anonymous_16)
FNDA:0,(anonymous_17)
DA:1,0
DA:2,0
DA:3,0
DA:4,0
DA:7,0
DA:8,0
DA:13,0
DA:14,0
DA:15,0
DA:21,0
DA:23,0
DA:30,0
DA:39,0
DA:40,0
DA:47,0
DA:48,0
DA:49,0
DA:57,0
DA:59,0
DA:68,0
DA:77,0
DA:78,0
DA:85,0
DA:86,0
DA:87,0
DA:88,0
DA:90,0
DA:95,0
DA:104,0
DA:105,0
DA:112,0
DA:113,0
DA:114,0
DA:115,0
DA:116,0
DA:118,0
DA:119,0
DA:120,0
DA:123,0
DA:129,0
DA:138,0
DA:139,0
DA:146,0
DA:147,0
DA:148,0
DA:150,0
DA:152,0
DA:161,0
DA:162,0
DA:169,0
DA:170,0
DA:171,0
DA:172,0
DA:174,0
DA:176,0
DA:185,0
DA:186,0
DA:193,0
DA:194,0
DA:195,0
DA:201,0
DA:203,0
DA:210,0
DA:219,0
DA:220,0
DA:227,0
DA:228,0
DA:229,0
DA:230,0
DA:232,0
DA:234,0
DA:243,0
DA:244,0
DA:251,0
DA:252,0
DA:253,0
DA:254,0
DA:256,0
DA:258,0
DA:267,0
DA:268,0
DA:275,0
DA:276,0
DA:277,0
DA:278,0
DA:280,0
DA:281,0
DA:284,0
DA:286,0
DA:295,0
DA:296,0
DA:303,0
DA:304,0
DA:305,0
DA:306,0
DA:308,0
DA:309,0
DA:312,0
DA:314,0
DA:321,0
DA:322,0
DA:329,0
DA:330,0
DA:331,0
DA:333,0
DA:335,0
DA:344,0
DA:345,0
DA:352,0
DA:353,0
DA:354,0
DA:355,0
DA:357,0
DA:359,0
DA:368,0
DA:369,0
DA:376,0
DA:377,0
DA:378,0
DA:379,0
DA:386,0
DA:388,0
DA:396,0
DA:405,0
DA:406,0
DA:413,0
DA:414,0
DA:415,0
DA:416,0
DA:418,0
DA:423,0
DA:432,0
DA:433,0
DA:440,0
DA:441,0
DA:442,0
DA:443,0
DA:445,0
DA:446,0
DA:449,0
DA:451,0
DA:460,0
DA:461,0
DA:468,0
DA:469,0
DA:470,0
DA:471,0
DA:473,0
DA:475,0
DA:482,0
DA:483,0
DA:490,0
DA:491,0
DA:492,0
DA:493,0
DA:498,0
DA:500,0
DA:509,0
DA:510,0
DA:514,0
LF:160
LH:0
BRDA:19,0,0,0
BRDA:20,1,0,0
BRDA:27,2,0,0
BRDA:27,2,1,0
BRDA:55,3,0,0
BRDA:56,4,0,0
BRDA:116,5,0,0
BRDA:119,6,0,0
BRDA:119,6,1,0
BRDA:199,7,0,0
BRDA:200,8,0,0
BRDA:205,9,0,0
BRDA:205,9,1,0
BRDA:278,10,0,0
BRDA:280,11,0,0
BRDA:280,11,1,0
BRDA:308,12,0,0
BRDA:308,12,1,0
BRDA:384,13,0,0
BRDA:385,14,0,0
BRDA:445,15,0,0
BRDA:445,15,1,0
BRDA:445,16,0,0
BRDA:445,16,1,0
BRDA:471,17,0,0
BRF:25
BRH:0
end_of_record
TN:
SF:src\controllers\feeController.js
FN:24,(anonymous_0)
FN:29,(anonymous_1)
FN:44,(anonymous_2)
FN:49,(anonymous_3)
FN:60,(anonymous_4)
FN:93,(anonymous_5)
FN:97,(anonymous_6)
FN:101,(anonymous_7)
FN:105,(anonymous_8)
FN:110,(anonymous_9)
FN:127,(anonymous_10)
FN:173,(anonymous_11)
FN:231,(anonymous_12)
FN:340,(anonymous_13)
FN:466,(anonymous_14)
FNF:15
FNH:0
FNDA:0,(anonymous_0)
FNDA:0,(anonymous_1)
FNDA:0,(anonymous_2)
FNDA:0,(anonymous_3)
FNDA:0,(anonymous_4)
FNDA:0,(anonymous_5)
FNDA:0,(anonymous_6)
FNDA:0,(anonymous_7)
FNDA:0,(anonymous_8)
FNDA:0,(anonymous_9)
FNDA:0,(anonymous_10)
FNDA:0,(anonymous_11)
FNDA:0,(anonymous_12)
FNDA:0,(anonymous_13)
FNDA:0,(anonymous_14)
DA:6,0
DA:7,0
DA:21,0
DA:24,0
DA:25,0
DA:29,0
DA:31,0
DA:32,0
DA:36,0
DA:37,0
DA:40,0
DA:44,0
DA:45,0
DA:49,0
DA:50,0
DA:51,0
DA:53,0
DA:54,0
DA:60,0
DA:61,0
DA:70,0
DA:72,0
DA:73,0
DA:76,0
DA:77,0
DA:78,0
DA:79,0
DA:80,0
DA:82,0
DA:90,0
DA:92,0
DA:93,0
DA:96,0
DA:97,0
DA:100,0
DA:101,0
DA:104,0
DA:105,0
DA:108,0
DA:109,0
DA:110,0
DA:111,0
DA:112,0
DA:113,0
DA:123,0
DA:124,0
DA:127,0
DA:128,0
DA:129,0
DA:140,0
DA:151,0
DA:165,0
DA:166,0
DA:173,0
DA:174,0
DA:175,0
DA:176,0
DA:178,0
DA:180,0
DA:181,0
DA:185,0
DA:186,0
DA:190,0
DA:191,0
DA:203,0
DA:208,0
DA:214,0
DA:215,0
DA:221,0
DA:223,0
DA:224,0
DA:231,0
DA:232,0
DA:233,0
DA:236,0
DA:237,0
DA:248,0
DA:251,0
DA:252,0
DA:253,0
DA:257,0
DA:258,0
DA:259,0
DA:264,0
DA:265,0
DA:269,0
DA:270,0
DA:271,0
DA:275,0
DA:276,0
DA:296,0
DA:298,0
DA:307,0
DA:317,0
DA:323,0
DA:324,0
DA:330,0
DA:332,0
DA:333,0
DA:340,0
DA:341,0
DA:342,0
DA:343,0
DA:345,0
DA:347,0
DA:348,0
DA:352,0
DA:353,0
DA:365,0
DA:367,0
DA:370,0
DA:371,0
DA:372,0
DA:375,0
DA:376,0
DA:379,0
DA:380,0
DA:383,0
DA:384,0
DA:385,0
DA:386,0
DA:390,0
DA:391,0
DA:392,0
DA:393,0
DA:396,0
DA:397,0
DA:398,0
DA:399,0
DA:400,0
DA:401,0
DA:403,0
DA:407,0
DA:408,0
DA:411,0
DA:412,0
DA:415,0
DA:416,0
DA:419,0
DA:420,0
DA:423,0
DA:425,0
DA:432,0
DA:433,0
DA:443,0
DA:449,0
DA:450,0
DA:456,0
DA:458,0
DA:459,0
DA:466,0
DA:467,0
DA:468,0
DA:469,0
DA:471,0
DA:473,0
DA:474,0
DA:478,0
DA:479,0
DA:483,0
DA:484,0
DA:487,0
DA:489,0
DA:494,0
DA:499,0
DA:500,0
DA:506,0
DA:508,0
DA:509,0
DA:513,0
LF:170
LH:0
BRDA:31,0,0,0
BRDA:31,0,1,0
BRDA:31,1,0,0
BRDA:31,1,1,0
BRDA:36,2,0,0
BRDA:36,2,1,0
BRDA:36,3,0,0
BRDA:36,3,1,0
BRDA:36,3,2,0
BRDA:37,4,0,0
BRDA:37,4,1,0
BRDA:45,5,0,0
BRDA:45,5,1,0
BRDA:45,5,2,0
BRDA:51,6,0,0
BRDA:51,6,1,0
BRDA:54,7,0,0
BRDA:54,7,1,0
BRDA:54,7,2,0
BRDA:54,7,3,0
BRDA:63,8,0,0
BRDA:64,9,0,0
BRDA:65,10,0,0
BRDA:66,11,0,0
BRDA:67,12,0,0
BRDA:68,13,0,0
BRDA:69,14,0,0
BRDA:77,15,0,0
BRDA:77,15,1,0
BRDA:77,16,0,0
BRDA:77,16,1,0
BRDA:79,17,0,0
BRDA:79,17,1,0
BRDA:92,18,0,0
BRDA:92,18,1,0
BRDA:96,19,0,0
BRDA:96,19,1,0
BRDA:100,20,0,0
BRDA:100,20,1,0
BRDA:104,21,0,0
BRDA:104,21,1,0
BRDA:108,22,0,0
BRDA:108,22,1,0
BRDA:112,23,0,0
BRDA:112,23,1,0
BRDA:114,24,0,0
BRDA:114,24,1,0
BRDA:114,24,2,0
BRDA:114,24,3,0
BRDA:131,25,0,0
BRDA:131,25,1,0
BRDA:180,26,0,0
BRDA:180,26,1,0
BRDA:185,27,0,0
BRDA:185,27,1,0
BRDA:193,28,0,0
BRDA:193,28,1,0
BRDA:214,29,0,0
BRDA:214,29,1,0
BRDA:236,30,0,0
BRDA:236,30,1,0
BRDA:246,31,0,0
BRDA:247,32,0,0
BRDA:252,33,0,0
BRDA:252,33,1,0
BRDA:257,34,0,0
BRDA:257,34,1,0
BRDA:257,35,0,0
BRDA:257,35,1,0
BRDA:258,36,0,0
BRDA:258,36,1,0
BRDA:264,37,0,0
BRDA:264,37,1,0
BRDA:270,38,0,0
BRDA:270,38,1,0
BRDA:323,39,0,0
BRDA:323,39,1,0
BRDA:347,40,0,0
BRDA:347,40,1,0
BRDA:352,41,0,0
BRDA:352,41,1,0
BRDA:352,42,0,0
BRDA:352,42,1,0
BRDA:370,43,0,0
BRDA:370,43,1,0
BRDA:372,44,0,0
BRDA:372,44,1,0
BRDA:375,45,0,0
BRDA:375,45,1,0
BRDA:379,46,0,0
BRDA:379,46,1,0
BRDA:383,47,0,0
BRDA:383,47,1,0
BRDA:383,48,0,0
BRDA:383,48,1,0
BRDA:390,49,0,0
BRDA:390,49,1,0
BRDA:396,50,0,0
BRDA:396,50,1,0
BRDA:399,51,0,0
BRDA:399,51,1,0
BRDA:401,52,0,0
BRDA:401,52,1,0
BRDA:407,53,0,0
BRDA:407,53,1,0
BRDA:411,54,0,0
BRDA:411,54,1,0
BRDA:415,55,0,0
BRDA:415,55,1,0
BRDA:419,56,0,0
BRDA:419,56,1,0
BRDA:420,57,0,0
BRDA:420,57,1,0
BRDA:435,58,0,0
BRDA:435,58,1,0
BRDA:449,59,0,0
BRDA:449,59,1,0
BRDA:473,60,0,0
BRDA:473,60,1,0
BRDA:478,61,0,0
BRDA:478,61,1,0
BRDA:478,62,0,0
BRDA:478,62,1,0
BRDA:483,63,0,0
BRDA:483,63,1,0
BRDA:483,64,0,0
BRDA:483,64,1,0
BRDA:499,65,0,0
BRDA:499,65,1,0
BRF:129
BRH:0
end_of_record
TN:
SF:src\controllers\organizationController.js
FN:14,(anonymous_0)
FN:25,(anonymous_1)
FN:38,(anonymous_2)
FN:52,(anonymous_3)
FN:59,(anonymous_4)
FN:116,(anonymous_5)
FN:150,(anonymous_6)
FN:214,(anonymous_7)
FN:296,(anonymous_8)
FN:305,(anonymous_9)
FN:348,(anonymous_10)
FN:359,(anonymous_11)
FN:451,(anonymous_12)
FN:461,(anonymous_13)
FN:519,(anonymous_14)
FN:565,(anonymous_15)
FN:594,(anonymous_16)
FN:626,(anonymous_17)
FN:631,(anonymous_18)
FN:636,(anonymous_19)
FN:641,(anonymous_20)
FN:646,(anonymous_21)
FN:651,(anonymous_22)
FN:656,(anonymous_23)
FNF:24
FNH:0
FNDA:0,(anonymous_0)
FNDA:0,(anonymous_1)
FNDA:0,(anonymous_2)
FNDA:0,(anonymous_3)
FNDA:0,(anonymous_4)
FNDA:0,(anonymous_5)
FNDA:0,(anonymous_6)
FNDA:0,(anonymous_7)
FNDA:0,(anonymous_8)
FNDA:0,(anonymous_9)
FNDA:0,(anonymous_10)
FNDA:0,(anonymous_11)
FNDA:0,(anonymous_12)
FNDA:0,(anonymous_13)
FNDA:0,(anonymous_14)
FNDA:0,(anonymous_15)
FNDA:0,(anonymous_16)
FNDA:0,(anonymous_17)
FNDA:0,(anonymous_18)
FNDA:0,(anonymous_19)
FNDA:0,(anonymous_20)
FNDA:0,(anonymous_21)
FNDA:0,(anonymous_22)
FNDA:0,(anonymous_23)
DA:6,0
DA:7,0
DA:8,0
DA:11,0
DA:14,0
DA:15,0
DA:16,0
DA:17,0
DA:20,0
DA:25,0
DA:26,0
DA:27,0
DA:28,0
DA:31,0
DA:38,0
DA:39,0
DA:40,0
DA:42,0
DA:43,0
DA:46,0
DA:48,0
DA:51,0
DA:52,0
DA:53,0
DA:58,0
DA:59,0
DA:63,0
DA:64,0
DA:65,0
DA:67,0
DA:82,0
DA:85,0
DA:86,0
DA:87,0
DA:98,0
DA:102,0
DA:103,0
DA:107,0
DA:108,0
DA:113,0
DA:114,0
DA:116,0
DA:117,0
DA:124,0
DA:125,0
DA:126,0
DA:128,0
DA:142,0
DA:143,0
DA:150,0
DA:151,0
DA:152,0
DA:154,0
DA:156,0
DA:157,0
DA:160,0
DA:161,0
DA:162,0
DA:165,0
DA:179,0
DA:188,0
DA:211,0
DA:214,0
DA:215,0
DA:218,0
DA:219,0
DA:222,0
DA:225,0
DA:226,0
DA:227,0
DA:228,0
DA:229,0
DA:230,0
DA:233,0
DA:235,0
DA:246,0
DA:250,0
DA:251,0
DA:255,0
DA:258,0
DA:265,0
DA:266,0
DA:267,0
DA:268,0
DA:269,0
DA:270,0
DA:271,0
DA:276,0
DA:278,0
DA:280,0
DA:287,0
DA:288,0
DA:289,0
DA:296,0
DA:297,0
DA:299,0
DA:300,0
DA:303,0
DA:305,0
DA:307,0
DA:308,0
DA:311,0
DA:320,0
DA:322,0
DA:323,0
DA:326,0
DA:331,0
DA:339,0
DA:340,0
DA:341,0
DA:348,0
DA:349,0
DA:350,0
DA:351,0
DA:353,0
DA:354,0
DA:357,0
DA:359,0
DA:361,0
DA:362,0
DA:365,0
DA:368,0
DA:369,0
DA:373,0
DA:379,0
DA:380,0
DA:381,0
DA:382,0
DA:385,0
DA:387,0
DA:397,0
DA:398,0
DA:400,0
DA:401,0
DA:404,0
DA:407,0
DA:408,0
DA:412,0
DA:418,0
DA:419,0
DA:420,0
DA:421,0
DA:423,0
DA:425,0
DA:426,0
DA:431,0
DA:433,0
DA:442,0
DA:443,0
DA:444,0
DA:451,0
DA:452,0
DA:453,0
DA:455,0
DA:456,0
DA:459,0
DA:461,0
DA:463,0
DA:464,0
DA:468,0
DA:469,0
DA:473,0
DA:475,0
DA:477,0
DA:484,0
DA:485,0
DA:487,0
DA:488,0
DA:492,0
DA:493,0
DA:500,0
DA:502,0
DA:504,0
DA:510,0
DA:511,0
DA:512,0
DA:519,0
DA:520,0
DA:522,0
DA:523,0
DA:525,0
DA:526,0
DA:527,0
DA:531,0
DA:536,0
DA:545,0
DA:550,0
DA:556,0
DA:557,0
DA:558,0
DA:565,0
DA:566,0
DA:567,0
DA:568,0
DA:571,0
DA:577,0
DA:584,0
DA:586,0
DA:587,0
DA:594,0
DA:595,0
DA:622,0
DA:626,0
DA:628,0
DA:631,0
DA:633,0
DA:636,0
DA:638,0
DA:641,0
DA:643,0
DA:646,0
DA:648,0
DA:651,0
DA:653,0
DA:656,0
DA:658,0
DA:661,0
LF:217
LH:0
BRDA:40,0,0,0
BRDA:40,1,0,0
BRDA:46,2,0,0
BRDA:46,2,1,0
BRDA:51,3,0,0
BRDA:51,3,1,0
BRDA:58,4,0,0
BRDA:58,4,1,0
BRDA:85,5,0,0
BRDA:85,5,1,0
BRDA:86,6,0,0
BRDA:86,6,1,0
BRDA:102,7,0,0
BRDA:102,7,1,0
BRDA:107,8,0,0
BRDA:107,8,1,0
BRDA:152,9,0,0
BRDA:156,10,0,0
BRDA:156,10,1,0
BRDA:156,11,0,0
BRDA:156,11,1,0
BRDA:192,12,0,0
BRDA:192,12,1,0
BRDA:193,13,0,0
BRDA:193,13,1,0
BRDA:194,14,0,0
BRDA:194,14,1,0
BRDA:195,15,0,0
BRDA:195,15,1,0
BRDA:196,16,0,0
BRDA:196,16,1,0
BRDA:211,17,0,0
BRDA:211,17,1,0
BRDA:218,18,0,0
BRDA:218,18,1,0
BRDA:227,19,0,0
BRDA:227,19,1,0
BRDA:229,20,0,0
BRDA:229,20,1,0
BRDA:250,21,0,0
BRDA:250,21,1,0
BRDA:260,22,0,0
BRDA:260,22,1,0
BRDA:265,23,0,0
BRDA:265,23,1,0
BRDA:268,24,0,0
BRDA:268,24,1,0
BRDA:270,25,0,0
BRDA:270,25,1,0
BRDA:288,26,0,0
BRDA:288,26,1,0
BRDA:303,27,0,0
BRDA:303,27,1,0
BRDA:307,28,0,0
BRDA:307,28,1,0
BRDA:322,29,0,0
BRDA:322,29,1,0
BRDA:340,30,0,0
BRDA:340,30,1,0
BRDA:357,31,0,0
BRDA:357,31,1,0
BRDA:361,32,0,0
BRDA:361,32,1,0
BRDA:368,33,0,0
BRDA:368,33,1,0
BRDA:368,34,0,0
BRDA:368,34,1,0
BRDA:368,35,0,0
BRDA:368,35,1,0
BRDA:400,36,0,0
BRDA:400,36,1,0
BRDA:407,37,0,0
BRDA:407,37,1,0
BRDA:407,38,0,0
BRDA:407,38,1,0
BRDA:443,39,0,0
BRDA:443,39,1,0
BRDA:459,40,0,0
BRDA:459,40,1,0
BRDA:463,41,0,0
BRDA:463,41,1,0
BRDA:468,42,0,0
BRDA:468,42,1,0
BRDA:468,43,0,0
BRDA:468,43,1,0
BRDA:475,44,0,0
BRDA:475,44,1,0
BRDA:487,45,0,0
BRDA:487,45,1,0
BRDA:492,46,0,0
BRDA:492,46,1,0
BRDA:511,47,0,0
BRDA:511,47,1,0
BRDA:526,48,0,0
BRDA:526,48,1,0
BRDA:557,49,0,0
BRDA:557,49,1,0
BRDA:622,50,0,0
BRDA:622,50,1,0
BRF:99
BRH:0
end_of_record
TN:
SF:src\controllers\paymentController.js
FN:33,(anonymous_0)
FN:38,(anonymous_1)
FN:43,(anonymous_2)
FN:58,(anonymous_3)
FN:63,(anonymous_4)
FN:69,(anonymous_5)
FN:98,(anonymous_6)
FN:216,(anonymous_7)
FN:233,(anonymous_8)
FN:237,(anonymous_9)
FN:241,(anonymous_10)
FN:246,(anonymous_11)
FN:251,(anonymous_12)
FN:255,(anonymous_13)
FN:262,(anonymous_14)
FN:316,(anonymous_15)
FN:377,(anonymous_16)
FN:531,(anonymous_17)
FN:546,(anonymous_18)
FN:550,(anonymous_19)
FN:554,(anonymous_20)
FN:558,(anonymous_21)
FN:565,(anonymous_22)
FNF:23
FNH:0
FNDA:0,(anonymous_0)
FNDA:0,(anonymous_1)
FNDA:0,(anonymous_2)
FNDA:0,(anonymous_3)
FNDA:0,(anonymous_4)
FNDA:0,(anonymous_5)
FNDA:0,(anonymous_6)
FNDA:0,(anonymous_7)
FNDA:0,(anonymous_8)
FNDA:0,(anonymous_9)
FNDA:0,(anonymous_10)
FNDA:0,(anonymous_11)
FNDA:0,(anonymous_12)
FNDA:0,(anonymous_13)
FNDA:0,(anonymous_14)
FNDA:0,(anonymous_15)
FNDA:0,(anonymous_16)
FNDA:0,(anonymous_17)
FNDA:0,(anonymous_18)
FNDA:0,(anonymous_19)
FNDA:0,(anonymous_20)
FNDA:0,(anonymous_21)
FNDA:0,(anonymous_22)
DA:6,0
DA:7,0
DA:30,0
DA:33,0
DA:34,0
DA:38,0
DA:39,0
DA:43,0
DA:45,0
DA:46,0
DA:50,0
DA:51,0
DA:54,0
DA:58,0
DA:59,0
DA:63,0
DA:64,0
DA:65,0
DA:69,0
DA:74,0
DA:76,0
DA:77,0
DA:78,0
DA:81,0
DA:82,0
DA:86,0
DA:87,0
DA:88,0
DA:91,0
DA:98,0
DA:99,0
DA:107,0
DA:110,0
DA:111,0
DA:115,0
DA:116,0
DA:120,0
DA:121,0
DA:125,0
DA:126,0
DA:127,0
DA:131,0
DA:132,0
DA:135,0
DA:136,0
DA:140,0
DA:141,0
DA:142,0
DA:146,0
DA:162,0
DA:165,0
DA:166,0
DA:167,0
DA:169,0
DA:179,0
DA:181,0
DA:189,0
DA:207,0
DA:208,0
DA:216,0
DA:217,0
DA:226,0
DA:229,0
DA:232,0
DA:233,0
DA:236,0
DA:237,0
DA:240,0
DA:241,0
DA:244,0
DA:245,0
DA:246,0
DA:249,0
DA:250,0
DA:251,0
DA:255,0
DA:258,0
DA:259,0
DA:262,0
DA:263,0
DA:264,0
DA:266,0
DA:284,0
DA:293,0
DA:307,0
DA:308,0
DA:316,0
DA:317,0
DA:318,0
DA:320,0
DA:321,0
DA:322,0
DA:326,0
DA:327,0
DA:331,0
DA:332,0
DA:334,0
DA:355,0
DA:360,0
DA:368,0
DA:369,0
DA:377,0
DA:378,0
DA:386,0
DA:389,0
DA:390,0
DA:394,0
DA:395,0
DA:398,0
DA:399,0
DA:403,0
DA:404,0
DA:405,0
DA:409,0
DA:410,0
DA:411,0
DA:415,0
DA:416,0
DA:419,0
DA:420,0
DA:424,0
DA:425,0
DA:426,0
DA:430,0
DA:431,0
DA:433,0
DA:434,0
DA:436,0
DA:438,0
DA:439,0
DA:441,0
DA:442,0
DA:445,0
DA:446,0
DA:449,0
DA:460,0
DA:479,0
DA:482,0
DA:489,0
DA:491,0
DA:499,0
DA:522,0
DA:523,0
DA:531,0
DA:532,0
DA:539,0
DA:542,0
DA:545,0
DA:546,0
DA:549,0
DA:550,0
DA:553,0
DA:554,0
DA:558,0
DA:561,0
DA:562,0
DA:565,0
DA:566,0
DA:567,0
DA:569,0
DA:587,0
DA:594,0
DA:608,0
DA:609,0
DA:613,0
LF:165
LH:0
BRDA:45,0,0,0
BRDA:45,0,1,0
BRDA:45,1,0,0
BRDA:45,1,1,0
BRDA:50,2,0,0
BRDA:50,2,1,0
BRDA:50,3,0,0
BRDA:50,3,1,0
BRDA:69,4,0,0
BRDA:71,5,0,0
BRDA:72,6,0,0
BRDA:73,7,0,0
BRDA:81,8,0,0
BRDA:81,8,1,0
BRDA:81,9,0,0
BRDA:81,9,1,0
BRDA:87,10,0,0
BRDA:87,10,1,0
BRDA:110,11,0,0
BRDA:110,11,1,0
BRDA:110,12,0,0
BRDA:110,12,1,0
BRDA:110,12,2,0
BRDA:115,13,0,0
BRDA:115,13,1,0
BRDA:120,14,0,0
BRDA:120,14,1,0
BRDA:120,15,0,0
BRDA:120,15,1,0
BRDA:126,16,0,0
BRDA:126,16,1,0
BRDA:131,17,0,0
BRDA:131,17,1,0
BRDA:135,18,0,0
BRDA:135,18,1,0
BRDA:141,19,0,0
BRDA:141,19,1,0
BRDA:153,20,0,0
BRDA:153,20,1,0
BRDA:154,21,0,0
BRDA:154,21,1,0
BRDA:155,22,0,0
BRDA:155,22,1,0
BRDA:167,23,0,0
BRDA:167,23,1,0
BRDA:173,24,0,0
BRDA:173,24,1,0
BRDA:175,25,0,0
BRDA:175,25,1,0
BRDA:195,26,0,0
BRDA:195,26,1,0
BRDA:219,27,0,0
BRDA:220,28,0,0
BRDA:232,29,0,0
BRDA:232,29,1,0
BRDA:236,30,0,0
BRDA:236,30,1,0
BRDA:240,31,0,0
BRDA:240,31,1,0
BRDA:244,32,0,0
BRDA:244,32,1,0
BRDA:249,33,0,0
BRDA:249,33,1,0
BRDA:268,34,0,0
BRDA:268,34,1,0
BRDA:275,35,0,0
BRDA:275,35,1,0
BRDA:321,36,0,0
BRDA:321,36,1,0
BRDA:326,37,0,0
BRDA:326,37,1,0
BRDA:336,38,0,0
BRDA:336,38,1,0
BRDA:345,39,0,0
BRDA:345,39,1,0
BRDA:389,40,0,0
BRDA:389,40,1,0
BRDA:389,41,0,0
BRDA:389,41,1,0
BRDA:389,41,2,0
BRDA:389,41,3,0
BRDA:394,42,0,0
BRDA:394,42,1,0
BRDA:394,43,0,0
BRDA:394,43,1,0
BRDA:398,44,0,0
BRDA:398,44,1,0
BRDA:398,45,0,0
BRDA:398,45,1,0
BRDA:404,46,0,0
BRDA:404,46,1,0
BRDA:404,47,0,0
BRDA:404,47,1,0
BRDA:410,48,0,0
BRDA:410,48,1,0
BRDA:415,49,0,0
BRDA:415,49,1,0
BRDA:419,50,0,0
BRDA:419,50,1,0
BRDA:425,51,0,0
BRDA:425,51,1,0
BRDA:436,52,0,0
BRDA:436,52,1,0
BRDA:436,52,2,0
BRDA:436,52,3,0
BRDA:436,53,0,0
BRDA:436,53,1,0
BRDA:468,54,0,0
BRDA:468,54,1,0
BRDA:471,55,0,0
BRDA:471,55,1,0
BRDA:510,56,0,0
BRDA:510,56,1,0
BRDA:534,57,0,0
BRDA:535,58,0,0
BRDA:545,59,0,0
BRDA:545,59,1,0
BRDA:549,60,0,0
BRDA:549,60,1,0
BRDA:553,61,0,0
BRDA:553,61,1,0
BRDA:571,62,0,0
BRDA:571,62,1,0
BRDA:578,63,0,0
BRDA:578,63,1,0
BRF:125
BRH:0
end_of_record
TN:
SF:src\controllers\studentController.js
FN:20,(anonymous_0)
FN:25,(anonymous_1)
FN:40,(anonymous_2)
FN:47,(anonymous_3)
FN:65,(anonymous_4)
FN:73,(anonymous_5)
FN:82,(anonymous_6)
FN:125,(anonymous_7)
FN:183,(anonymous_8)
FN:217,(anonymous_9)
FN:246,(anonymous_10)
FN:275,(anonymous_11)
FNF:12
FNH:0
FNDA:0,(anonymous_0)
FNDA:0,(anonymous_1)
FNDA:0,(anonymous_2)
FNDA:0,(anonymous_3)
FNDA:0,(anonymous_4)
FNDA:0,(anonymous_5)
FNDA:0,(anonymous_6)
FNDA:0,(anonymous_7)
FNDA:0,(anonymous_8)
FNDA:0,(anonymous_9)
FNDA:0,(anonymous_10)
FNDA:0,(anonymous_11)
DA:6,0
DA:7,0
DA:17,0
DA:20,0
DA:21,0
DA:25,0
DA:27,0
DA:28,0
DA:32,0
DA:33,0
DA:36,0
DA:40,0
DA:41,0
DA:47,0
DA:48,0
DA:54,0
DA:57,0
DA:58,0
DA:61,0
DA:64,0
DA:65,0
DA:66,0
DA:71,0
DA:72,0
DA:73,0
DA:74,0
DA:81,0
DA:82,0
DA:86,0
DA:87,0
DA:88,0
DA:89,0
DA:92,0
DA:94,0
DA:103,0
DA:117,0
DA:118,0
DA:125,0
DA:126,0
DA:127,0
DA:130,0
DA:131,0
DA:135,0
DA:140,0
DA:141,0
DA:145,0
DA:161,0
DA:163,0
DA:169,0
DA:175,0
DA:176,0
DA:183,0
DA:184,0
DA:185,0
DA:187,0
DA:188,0
DA:189,0
DA:193,0
DA:194,0
DA:197,0
DA:203,0
DA:209,0
DA:210,0
DA:217,0
DA:218,0
DA:219,0
DA:220,0
DA:222,0
DA:223,0
DA:224,0
DA:228,0
DA:229,0
DA:233,0
DA:234,0
DA:239,0
DA:240,0
DA:245,0
DA:246,0
DA:247,0
DA:248,0
DA:252,0
DA:254,0
DA:261,0
DA:267,0
DA:268,0
DA:275,0
DA:276,0
DA:277,0
DA:279,0
DA:280,0
DA:281,0
DA:285,0
DA:286,0
DA:289,0
DA:291,0
DA:297,0
DA:303,0
DA:304,0
DA:308,0
LF:99
LH:0
BRDA:27,0,0,0
BRDA:27,0,1,0
BRDA:27,1,0,0
BRDA:27,1,1,0
BRDA:32,2,0,0
BRDA:32,2,1,0
BRDA:32,3,0,0
BRDA:32,3,1,0
BRDA:32,3,2,0
BRDA:33,4,0,0
BRDA:33,4,1,0
BRDA:41,5,0,0
BRDA:41,5,1,0
BRDA:50,6,0,0
BRDA:51,7,0,0
BRDA:52,8,0,0
BRDA:53,9,0,0
BRDA:57,10,0,0
BRDA:57,10,1,0
BRDA:57,11,0,0
BRDA:57,11,1,0
BRDA:57,11,2,0
BRDA:64,12,0,0
BRDA:64,12,1,0
BRDA:64,13,0,0
BRDA:64,13,1,0
BRDA:71,14,0,0
BRDA:71,14,1,0
BRDA:74,15,0,0
BRDA:74,15,1,0
BRDA:74,15,2,0
BRDA:81,16,0,0
BRDA:81,16,1,0
BRDA:130,17,0,0
BRDA:130,17,1,0
BRDA:130,18,0,0
BRDA:130,18,1,0
BRDA:130,18,2,0
BRDA:140,19,0,0
BRDA:140,19,1,0
BRDA:152,20,0,0
BRDA:152,20,1,0
BRDA:153,21,0,0
BRDA:153,21,1,0
BRDA:154,22,0,0
BRDA:154,22,1,0
BRDA:155,23,0,0
BRDA:155,23,1,0
BRDA:156,24,0,0
BRDA:156,24,1,0
BRDA:188,25,0,0
BRDA:188,25,1,0
BRDA:193,26,0,0
BRDA:193,26,1,0
BRDA:223,27,0,0
BRDA:223,27,1,0
BRDA:228,28,0,0
BRDA:228,28,1,0
BRDA:233,29,0,0
BRDA:233,29,1,0
BRDA:233,30,0,0
BRDA:233,30,1,0
BRDA:239,31,0,0
BRDA:239,31,1,0
BRDA:239,32,0,0
BRDA:239,32,1,0
BRDA:247,33,0,0
BRDA:247,33,1,0
BRDA:280,34,0,0
BRDA:280,34,1,0
BRDA:285,35,0,0
BRDA:285,35,1,0
BRF:72
BRH:0
end_of_record
TN:
SF:src\controllers\userController.js
FN:11,(anonymous_0)
FN:16,(anonymous_1)
FN:37,(anonymous_2)
FN:42,(anonymous_3)
FN:74,(anonymous_4)
FN:92,(anonymous_5)
FN:100,(anonymous_6)
FN:109,(anonymous_7)
FN:121,(anonymous_8)
FN:153,(anonymous_9)
FN:188,(anonymous_10)
FN:208,(anonymous_11)
FN:224,(anonymous_12)
FN:257,(anonymous_13)
FN:301,(anonymous_14)
FN:341,(anonymous_15)
FN:351,(anonymous_16)
FN:354,(anonymous_17)
FN:357,(anonymous_18)
FNF:19
FNH:0
FNDA:0,(anonymous_0)
FNDA:0,(anonymous_1)
FNDA:0,(anonymous_2)
FNDA:0,(anonymous_3)
FNDA:0,(anonymous_4)
FNDA:0,(anonymous_5)
FNDA:0,(anonymous_6)
FNDA:0,(anonymous_7)
FNDA:0,(anonymous_8)
FNDA:0,(anonymous_9)
FNDA:0,(anonymous_10)
FNDA:0,(anonymous_11)
FNDA:0,(anonymous_12)
FNDA:0,(anonymous_13)
FNDA:0,(anonymous_14)
FNDA:0,(anonymous_15)
FNDA:0,(anonymous_16)
FNDA:0,(anonymous_17)
FNDA:0,(anonymous_18)
DA:6,0
DA:7,0
DA:8,0
DA:11,0
DA:12,0
DA:16,0
DA:18,0
DA:19,0
DA:23,0
DA:24,0
DA:28,0
DA:29,0
DA:30,0
DA:33,0
DA:37,0
DA:38,0
DA:42,0
DA:43,0
DA:55,0
DA:56,0
DA:57,0
DA:61,0
DA:62,0
DA:68,0
DA:74,0
DA:75,0
DA:81,0
DA:84,0
DA:85,0
DA:88,0
DA:91,0
DA:92,0
DA:93,0
DA:98,0
DA:99,0
DA:100,0
DA:101,0
DA:108,0
DA:109,0
DA:113,0
DA:114,0
DA:115,0
DA:116,0
DA:119,0
DA:121,0
DA:123,0
DA:131,0
DA:145,0
DA:146,0
DA:153,0
DA:154,0
DA:155,0
DA:157,0
DA:158,0
DA:159,0
DA:163,0
DA:164,0
DA:167,0
DA:169,0
DA:174,0
DA:180,0
DA:181,0
DA:188,0
DA:189,0
DA:190,0
DA:191,0
DA:193,0
DA:194,0
DA:195,0
DA:199,0
DA:200,0
DA:204,0
DA:205,0
DA:207,0
DA:208,0
DA:209,0
DA:210,0
DA:215,0
DA:216,0
DA:219,0
DA:223,0
DA:224,0
DA:225,0
DA:227,0
DA:228,0
DA:233,0
DA:235,0
DA:237,0
DA:243,0
DA:249,0
DA:250,0
DA:257,0
DA:258,0
DA:259,0
DA:261,0
DA:262,0
DA:263,0
DA:267,0
DA:269,0
DA:270,0
DA:273,0
DA:277,0
DA:278,0
DA:281,0
DA:283,0
DA:288,0
DA:293,0
DA:294,0
DA:301,0
DA:302,0
DA:303,0
DA:304,0
DA:306,0
DA:307,0
DA:308,0
DA:312,0
DA:313,0
DA:317,0
DA:319,0
DA:321,0
DA:328,0
DA:334,0
DA:335,0
DA:340,0
DA:342,0
DA:343,0
DA:349,0
DA:352,0
DA:355,0
DA:358,0
DA:362,0
LF:131
LH:0
BRDA:18,0,0,0
BRDA:18,0,1,0
BRDA:18,1,0,0
BRDA:18,1,1,0
BRDA:23,2,0,0
BRDA:23,2,1,0
BRDA:28,3,0,0
BRDA:28,3,1,0
BRDA:28,4,0,0
BRDA:28,4,1,0
BRDA:28,4,2,0
BRDA:30,5,0,0
BRDA:30,5,1,0
BRDA:38,6,0,0
BRDA:38,6,1,0
BRDA:55,7,0,0
BRDA:55,7,1,0
BRDA:61,8,0,0
BRDA:61,8,1,0
BRDA:77,9,0,0
BRDA:78,10,0,0
BRDA:79,11,0,0
BRDA:80,12,0,0
BRDA:84,13,0,0
BRDA:84,13,1,0
BRDA:84,14,0,0
BRDA:84,14,1,0
BRDA:84,14,2,0
BRDA:91,15,0,0
BRDA:91,15,1,0
BRDA:91,16,0,0
BRDA:91,16,1,0
BRDA:98,17,0,0
BRDA:98,17,1,0
BRDA:101,18,0,0
BRDA:101,18,1,0
BRDA:101,18,2,0
BRDA:108,19,0,0
BRDA:108,19,1,0
BRDA:158,20,0,0
BRDA:158,20,1,0
BRDA:163,21,0,0
BRDA:163,21,1,0
BRDA:194,22,0,0
BRDA:194,22,1,0
BRDA:199,23,0,0
BRDA:199,23,1,0
BRDA:205,24,0,0
BRDA:205,24,1,0
BRDA:205,25,0,0
BRDA:205,25,1,0
BRDA:209,26,0,0
BRDA:209,26,1,0
BRDA:215,27,0,0
BRDA:215,27,1,0
BRDA:215,28,0,0
BRDA:215,28,1,0
BRDA:223,29,0,0
BRDA:223,29,1,0
BRDA:223,30,0,0
BRDA:223,30,1,0
BRDA:225,31,0,0
BRDA:225,31,1,0
BRDA:227,32,0,0
BRDA:227,32,1,0
BRDA:262,33,0,0
BRDA:262,33,1,0
BRDA:267,34,0,0
BRDA:267,34,1,0
BRDA:269,35,0,0
BRDA:269,35,1,0
BRDA:277,36,0,0
BRDA:277,36,1,0
BRDA:307,37,0,0
BRDA:307,37,1,0
BRDA:312,38,0,0
BRDA:312,38,1,0
BRF:77
BRH:0
end_of_record
TN:
SF:src\controllers\whatsappController.js
FN:11,(anonymous_0)
FN:18,(anonymous_1)
FN:49,(anonymous_2)
FN:91,(anonymous_3)
FN:149,(anonymous_4)
FN:190,(anonymous_5)
FN:203,(anonymous_6)
FN:231,(anonymous_7)
FN:262,(anonymous_8)
FN:304,(anonymous_9)
FN:343,(anonymous_10)
FN:365,(anonymous_11)
FNF:12
FNH:0
FNDA:0,(anonymous_0)
FNDA:0,(anonymous_1)
FNDA:0,(anonymous_2)
FNDA:0,(anonymous_3)
FNDA:0,(anonymous_4)
FNDA:0,(anonymous_5)
FNDA:0,(anonymous_6)
FNDA:0,(anonymous_7)
FNDA:0,(anonymous_8)
FNDA:0,(anonymous_9)
FNDA:0,(anonymous_10)
FNDA:0,(anonymous_11)
DA:6,0
DA:7,0
DA:8,0
DA:12,0
DA:19,0
DA:20,0
DA:22,0
DA:23,0
DA:29,0
DA:31,0
DA:37,0
DA:38,0
DA:50,0
DA:51,0
DA:53,0
DA:54,0
DA:60,0
DA:62,0
DA:64,0
DA:65,0
DA:71,0
DA:79,0
DA:80,0
DA:92,0
DA:94,0
DA:95,0
DA:96,0
DA:103,0
DA:104,0
DA:106,0
DA:107,0
DA:113,0
DA:115,0
DA:117,0
DA:118,0
DA:129,0
DA:137,0
DA:138,0
DA:150,0
DA:152,0
DA:153,0
DA:154,0
DA:161,0
DA:162,0
DA:164,0
DA:165,0
DA:171,0
DA:173,0
DA:175,0
DA:176,0
DA:178,0
DA:179,0
DA:181,0
DA:189,0
DA:190,0
DA:194,0
DA:203,0
DA:204,0
DA:206,0
DA:219,0
DA:220,0
DA:232,0
DA:233,0
DA:235,0
DA:236,0
DA:242,0
DA:244,0
DA:250,0
DA:251,0
DA:263,0
DA:264,0
DA:266,0
DA:267,0
DA:273,0
DA:275,0
DA:277,0
DA:278,0
DA:284,0
DA:292,0
DA:293,0
DA:305,0
DA:306,0
DA:307,0
DA:309,0
DA:310,0
DA:318,0
DA:320,0
DA:331,0
DA:332,0
DA:344,0
DA:345,0
DA:347,0
DA:353,0
DA:354,0
DA:366,0
DA:368,0
DA:369,0
DA:370,0
DA:377,0
DA:378,0
DA:380,0
DA:381,0
DA:388,0
DA:390,0
DA:404,0
DA:405,0
DA:414,0
LF:107
LH:0
BRDA:22,0,0,0
BRDA:22,0,1,0
BRDA:53,1,0,0
BRDA:53,1,1,0
BRDA:64,2,0,0
BRDA:64,2,1,0
BRDA:73,3,0,0
BRDA:73,3,1,0
BRDA:95,4,0,0
BRDA:95,4,1,0
BRDA:104,5,0,0
BRDA:106,6,0,0
BRDA:106,6,1,0
BRDA:117,7,0,0
BRDA:117,7,1,0
BRDA:153,8,0,0
BRDA:153,8,1,0
BRDA:162,9,0,0
BRDA:162,10,0,0
BRDA:164,11,0,0
BRDA:164,11,1,0
BRDA:184,12,0,0
BRDA:184,12,1,0
BRDA:189,13,0,0
BRDA:189,13,1,0
BRDA:189,14,0,0
BRDA:189,14,1,0
BRDA:235,15,0,0
BRDA:235,15,1,0
BRDA:266,16,0,0
BRDA:266,16,1,0
BRDA:277,17,0,0
BRDA:277,17,1,0
BRDA:286,18,0,0
BRDA:286,18,1,0
BRDA:307,19,0,0
BRDA:307,20,0,0
BRDA:309,21,0,0
BRDA:309,21,1,0
BRDA:369,22,0,0
BRDA:369,22,1,0
BRDA:380,23,0,0
BRDA:380,23,1,0
BRF:43
BRH:0
end_of_record
TN:
SF:src\middleware\auth.js
FN:10,(anonymous_0)
FN:18,(anonymous_1)
FN:89,(anonymous_2)
FN:90,(anonymous_3)
FN:118,(anonymous_4)
FN:119,(anonymous_5)
FN:146,(anonymous_6)
FN:179,(anonymous_7)
FN:210,(anonymous_8)
FN:261,(anonymous_9)
FNF:10
FNH:0
FNDA:0,(anonymous_0)
FNDA:0,(anonymous_1)
FNDA:0,(anonymous_2)
FNDA:0,(anonymous_3)
FNDA:0,(anonymous_4)
FNDA:0,(anonymous_5)
FNDA:0,(anonymous_6)
FNDA:0,(anonymous_7)
FNDA:0,(anonymous_8)
FNDA:0,(anonymous_9)
DA:6,0
DA:7,0
DA:10,0
DA:11,0
DA:12,0
DA:18,0
DA:19,0
DA:20,0
DA:22,0
DA:23,0
DA:29,0
DA:32,0
DA:35,0
DA:44,0
DA:45,0
DA:48,0
DA:49,0
DA:52,0
DA:53,0
DA:56,0
DA:57,0
DA:60,0
DA:62,0
DA:63,0
DA:70,0
DA:71,0
DA:78,0
DA:89,0
DA:90,0
DA:91,0
DA:92,0
DA:98,0
DA:99,0
DA:101,0
DA:102,0
DA:103,0
DA:111,0
DA:118,0
DA:119,0
DA:120,0
DA:121,0
DA:127,0
DA:129,0
DA:130,0
DA:131,0
DA:139,0
DA:146,0
DA:147,0
DA:148,0
DA:154,0
DA:156,0
DA:157,0
DA:164,0
DA:165,0
DA:166,0
DA:172,0
DA:173,0
DA:179,0
DA:180,0
DA:181,0
DA:183,0
DA:184,0
DA:185,0
DA:187,0
DA:199,0
DA:202,0
DA:203,0
DA:210,0
DA:211,0
DA:212,0
DA:214,0
DA:215,0
DA:221,0
DA:224,0
DA:227,0
DA:228,0
DA:230,0
DA:231,0
DA:238,0
DA:247,0
DA:249,0
DA:250,0
DA:261,0
DA:262,0
DA:263,0
DA:265,0
DA:266,0
DA:267,0
DA:269,0
DA:279,0
DA:282,0
DA:283,0
DA:287,0
LF:93
LH:0
BRDA:22,0,0,0
BRDA:22,0,1,0
BRDA:22,1,0,0
BRDA:22,1,1,0
BRDA:44,2,0,0
BRDA:44,2,1,0
BRDA:48,3,0,0
BRDA:48,3,1,0
BRDA:52,4,0,0
BRDA:52,4,1,0
BRDA:62,5,0,0
BRDA:62,5,1,0
BRDA:70,6,0,0
BRDA:70,6,1,0
BRDA:91,7,0,0
BRDA:91,7,1,0
BRDA:99,8,0,0
BRDA:99,8,1,0
BRDA:101,9,0,0
BRDA:101,9,1,0
BRDA:120,10,0,0
BRDA:120,10,1,0
BRDA:127,11,0,0
BRDA:127,11,1,0
BRDA:129,12,0,0
BRDA:129,12,1,0
BRDA:147,13,0,0
BRDA:147,13,1,0
BRDA:154,14,0,0
BRDA:154,14,1,0
BRDA:154,14,2,0
BRDA:156,15,0,0
BRDA:156,15,1,0
BRDA:164,16,0,0
BRDA:164,16,1,0
BRDA:164,17,0,0
BRDA:164,17,1,0
BRDA:183,18,0,0
BRDA:183,18,1,0
BRDA:183,19,0,0
BRDA:183,19,1,0
BRDA:195,20,0,0
BRDA:195,20,1,0
BRDA:214,21,0,0
BRDA:214,21,1,0
BRDA:214,22,0,0
BRDA:214,22,1,0
BRDA:224,23,0,0
BRDA:224,23,1,0
BRDA:230,24,0,0
BRDA:230,24,1,0
BRDA:265,25,0,0
BRDA:265,25,1,0
BRDA:265,26,0,0
BRDA:265,26,1,0
BRDA:267,27,0,0
BRDA:267,27,1,0
BRF:57
BRH:0
end_of_record
TN:
SF:src\middleware\errorHandler.js
FN:12,(anonymous_0)
FN:25,(anonymous_1)
FN:58,(anonymous_2)
FN:152,(anonymous_3)
FN:152,(anonymous_4)
FN:159,(anonymous_5)
FNF:6
FNH:0
FNDA:0,(anonymous_0)
FNDA:0,(anonymous_1)
FNDA:0,(anonymous_2)
FNDA:0,(anonymous_3)
FNDA:0,(anonymous_4)
FNDA:0,(anonymous_5)
DA:6,0
DA:13,0
DA:14,0
DA:15,0
DA:16,0
DA:18,0
DA:25,0
DA:26,0
DA:27,0
DA:30,0
DA:41,0
DA:42,0
DA:43,0
DA:46,0
DA:48,0
DA:49,0
DA:50,0
DA:51,0
DA:53,0
DA:54,0
DA:55,0
DA:58,0
DA:63,0
DA:69,0
DA:71,0
DA:72,0
DA:73,0
DA:74,0
DA:75,0
DA:77,0
DA:78,0
DA:79,0
DA:80,0
DA:82,0
DA:83,0
DA:84,0
DA:85,0
DA:87,0
DA:88,0
DA:89,0
DA:90,0
DA:92,0
DA:93,0
DA:94,0
DA:95,0
DA:97,0
DA:98,0
DA:99,0
DA:103,0
DA:104,0
DA:105,0
DA:107,0
DA:109,0
DA:110,0
DA:111,0
DA:113,0
DA:114,0
DA:115,0
DA:117,0
DA:118,0
DA:119,0
DA:121,0
DA:126,0
DA:127,0
DA:128,0
DA:129,0
DA:133,0
DA:140,0
DA:141,0
DA:142,0
DA:145,0
DA:152,0
DA:153,0
DA:159,0
DA:160,0
DA:161,0
DA:164,0
LF:77
LH:0
BRDA:12,0,0,0
BRDA:12,1,0,0
BRDA:37,2,0,0
BRDA:37,2,1,0
BRDA:46,3,0,0
BRDA:46,3,1,0
BRDA:50,4,0,0
BRDA:50,4,1,0
BRDA:51,5,0,0
BRDA:51,5,1,0
BRDA:58,6,0,0
BRDA:58,6,1,0
BRDA:69,7,0,0
BRDA:69,7,1,0
BRDA:75,8,0,0
BRDA:75,8,1,0
BRDA:80,9,0,0
BRDA:80,9,1,0
BRDA:85,10,0,0
BRDA:85,10,1,0
BRDA:90,11,0,0
BRDA:90,11,1,0
BRDA:95,12,0,0
BRDA:95,12,1,0
BRDA:103,13,0,0
BRDA:103,13,1,0
BRDA:103,14,0,0
BRDA:103,14,1,0
BRDA:107,15,0,0
BRDA:107,15,1,0
BRDA:107,15,2,0
BRDA:107,15,3,0
BRDA:126,16,0,0
BRDA:126,16,1,0
BRDA:140,17,0,0
BRDA:140,17,1,0
BRF:36
BRH:0
end_of_record
TN:
SF:src\middleware\requestLogger.js
FN:11,(anonymous_0)
FN:16,(anonymous_1)
FN:64,(anonymous_2)
FN:76,(anonymous_3)
FN:86,(anonymous_4)
FN:95,logRequest
FN:174,(anonymous_6)
FNF:7
FNH:0
FNDA:0,(anonymous_0)
FNDA:0,(anonymous_1)
FNDA:0,(anonymous_2)
FNDA:0,(anonymous_3)
FNDA:0,(anonymous_4)
FNDA:0,logRequest
FNDA:0,(anonymous_6)
DA:6,0
DA:11,0
DA:12,0
DA:13,0
DA:16,0
DA:17,0
DA:18,0
DA:21,0
DA:34,0
DA:35,0
DA:39,0
DA:40,0
DA:44,0
DA:45,0
DA:46,0
DA:47,0
DA:48,0
DA:49,0
DA:51,0
DA:55,0
DA:58,0
DA:64,0
DA:65,0
DA:66,0
DA:69,0
DA:70,0
DA:73,0
DA:76,0
DA:77,0
DA:78,0
DA:79,0
DA:80,0
DA:82,0
DA:86,0
DA:87,0
DA:88,0
DA:89,0
DA:90,0
DA:92,0
DA:96,0
DA:97,0
DA:99,0
DA:121,0
DA:122,0
DA:126,0
DA:127,0
DA:129,0
DA:130,0
DA:131,0
DA:133,0
DA:134,0
DA:139,0
DA:140,0
DA:141,0
DA:142,0
DA:143,0
DA:146,0
DA:147,0
DA:150,0
DA:151,0
DA:155,0
DA:156,0
DA:157,0
DA:158,0
DA:159,0
DA:160,0
DA:162,0
DA:166,0
DA:172,0
DA:174,0
DA:175,0
DA:176,0
DA:179,0
DA:182,0
LF:74
LH:0
BRDA:18,0,0,0
BRDA:18,0,1,0
BRDA:27,1,0,0
BRDA:27,1,1,0
BRDA:29,2,0,0
BRDA:29,2,1,0
BRDA:34,3,0,0
BRDA:34,3,1,0
BRDA:39,4,0,0
BRDA:39,4,1,0
BRDA:44,5,0,0
BRDA:44,5,1,0
BRDA:46,6,0,0
BRDA:46,6,1,0
BRDA:48,7,0,0
BRDA:48,7,1,0
BRDA:77,8,0,0
BRDA:77,8,1,0
BRDA:79,9,0,0
BRDA:79,9,1,0
BRDA:87,10,0,0
BRDA:87,10,1,0
BRDA:89,11,0,0
BRDA:89,11,1,0
BRDA:107,12,0,0
BRDA:107,12,1,0
BRDA:112,13,0,0
BRDA:112,13,1,0
BRDA:121,14,0,0
BRDA:121,14,1,0
BRDA:121,15,0,0
BRDA:121,15,1,0
BRDA:126,16,0,0
BRDA:126,16,1,0
BRDA:133,17,0,0
BRDA:133,17,1,0
BRDA:140,18,0,0
BRDA:140,18,1,0
BRDA:142,19,0,0
BRDA:142,19,1,0
BRDA:146,20,0,0
BRDA:146,20,1,0
BRDA:150,21,0,0
BRDA:150,21,1,0
BRDA:155,22,0,0
BRDA:155,22,1,0
BRDA:157,23,0,0
BRDA:157,23,1,0
BRDA:159,24,0,0
BRDA:159,24,1,0
BRDA:175,25,0,0
BRDA:175,25,1,0
BRF:52
BRH:0
end_of_record
TN:
SF:src\middleware\validation.js
FN:12,(anonymous_0)
FN:16,(anonymous_1)
FN:24,(anonymous_2)
FNF:3
FNH:0
FNDA:0,(anonymous_0)
FNDA:0,(anonymous_1)
FNDA:0,(anonymous_2)
DA:6,0
DA:7,0
DA:12,0
DA:13,0
DA:15,0
DA:16,0
DA:24,0
DA:25,0
DA:27,0
DA:36,0
DA:39,0
LF:11
LH:0
BRDA:15,0,0,0
BRDA:15,0,1,0
BRDA:17,1,0,0
BRDA:17,1,1,0
BRF:4
BRH:0
end_of_record
TN:
SF:src\models\automationRule.js
FN:10,(anonymous_0)
FN:30,(anonymous_1)
FN:38,(anonymous_2)
FN:60,(anonymous_3)
FN:67,(anonymous_4)
FN:81,(anonymous_5)
FN:89,(anonymous_6)
FN:96,(anonymous_7)
FN:103,(anonymous_8)
FN:115,(anonymous_9)
FN:125,(anonymous_10)
FN:147,(anonymous_11)
FN:161,(anonymous_12)
FN:173,(anonymous_13)
FN:212,(anonymous_14)
FN:219,(anonymous_15)
FN:228,(anonymous_16)
FN:236,(anonymous_17)
FN:260,(anonymous_18)
FN:272,(anonymous_19)
FN:292,(anonymous_20)
FN:300,(anonymous_21)
FN:322,(anonymous_22)
FN:329,(anonymous_23)
FN:339,(anonymous_24)
FN:351,(anonymous_25)
FN:361,(anonymous_26)
FN:378,(anonymous_27)
FN:386,(anonymous_28)
FN:405,(anonymous_29)
FN:412,(anonymous_30)
FN:437,(anonymous_31)
FN:444,(anonymous_32)
FN:451,(anonymous_33)
FN:458,(anonymous_34)
FN:468,(anonymous_35)
FN:480,(anonymous_36)
FN:496,(anonymous_37)
FN:504,(anonymous_38)
FN:522,(anonymous_39)
FN:531,(anonymous_40)
FN:541,(anonymous_41)
FN:561,(anonymous_42)
FN:575,(anonymous_43)
FN:583,(anonymous_44)
FN:595,(anonymous_45)
FN:603,(anonymous_46)
FN:615,(anonymous_47)
FN:623,(anonymous_48)
FNF:49
FNH:0
FNDA:0,(anonymous_0)
FNDA:0,(anonymous_1)
FNDA:0,(anonymous_2)
FNDA:0,(anonymous_3)
FNDA:0,(anonymous_4)
FNDA:0,(anonymous_5)
FNDA:0,(anonymous_6)
FNDA:0,(anonymous_7)
FNDA:0,(anonymous_8)
FNDA:0,(anonymous_9)
FNDA:0,(anonymous_10)
FNDA:0,(anonymous_11)
FNDA:0,(anonymous_12)
FNDA:0,(anonymous_13)
FNDA:0,(anonymous_14)
FNDA:0,(anonymous_15)
FNDA:0,(anonymous_16)
FNDA:0,(anonymous_17)
FNDA:0,(anonymous_18)
FNDA:0,(anonymous_19)
FNDA:0,(anonymous_20)
FNDA:0,(anonymous_21)
FNDA:0,(anonymous_22)
FNDA:0,(anonymous_23)
FNDA:0,(anonymous_24)
FNDA:0,(anonymous_25)
FNDA:0,(anonymous_26)
FNDA:0,(anonymous_27)
FNDA:0,(anonymous_28)
FNDA:0,(anonymous_29)
FNDA:0,(anonymous_30)
FNDA:0,(anonymous_31)
FNDA:0,(anonymous_32)
FNDA:0,(anonymous_33)
FNDA:0,(anonymous_34)
FNDA:0,(anonymous_35)
FNDA:0,(anonymous_36)
FNDA:0,(anonymous_37)
FNDA:0,(anonymous_38)
FNDA:0,(anonymous_39)
FNDA:0,(anonymous_40)
FNDA:0,(anonymous_41)
FNDA:0,(anonymous_42)
FNDA:0,(anonymous_43)
FNDA:0,(anonymous_44)
FNDA:0,(anonymous_45)
FNDA:0,(anonymous_46)
FNDA:0,(anonymous_47)
FNDA:0,(anonymous_48)
DA:11,0
DA:12,0
DA:13,0
DA:14,0
DA:15,0
DA:16,0
DA:17,0
DA:18,0
DA:19,0
DA:20,0
DA:21,0
DA:22,0
DA:23,0
DA:24,0
DA:31,0
DA:32,0
DA:39,0
DA:61,0
DA:68,0
DA:69,0
DA:72,0
DA:73,0
DA:75,0
DA:82,0
DA:83,0
DA:90,0
DA:97,0
DA:104,0
DA:105,0
DA:107,0
DA:116,0
DA:117,0
DA:118,0
DA:119,0
DA:127,0
DA:128,0
DA:132,0
DA:133,0
DA:136,0
DA:137,0
DA:138,0
DA:141,0
DA:148,0
DA:162,0
DA:163,0
DA:164,0
DA:165,0
DA:166,0
DA:167,0
DA:175,0
DA:176,0
DA:180,0
DA:181,0
DA:185,0
DA:186,0
DA:190,0
DA:191,0
DA:195,0
DA:196,0
DA:200,0
DA:201,0
DA:202,0
DA:206,0
DA:213,0
DA:219,0
DA:229,0
DA:230,0
DA:237,0
DA:238,0
DA:241,0
DA:242,0
DA:243,0
DA:245,0
DA:247,0
DA:249,0
DA:251,0
DA:253,0
DA:261,0
DA:273,0
DA:274,0
DA:275,0
DA:276,0
DA:277,0
DA:278,0
DA:279,0
DA:280,0
DA:281,0
DA:282,0
DA:283,0
DA:284,0
DA:285,0
DA:286,0
DA:293,0
DA:294,0
DA:301,0
DA:323,0
DA:330,0
DA:331,0
DA:333,0
DA:340,0
DA:341,0
DA:343,0
DA:344,0
DA:345,0
DA:352,0
DA:353,0
DA:362,0
DA:363,0
DA:364,0
DA:365,0
DA:366,0
DA:367,0
DA:368,0
DA:369,0
DA:370,0
DA:371,0
DA:372,0
DA:379,0
DA:380,0
DA:387,0
DA:406,0
DA:413,0
DA:416,0
DA:427,0
DA:428,0
DA:431,0
DA:438,0
DA:445,0
DA:452,0
DA:459,0
DA:460,0
DA:462,0
DA:469,0
DA:481,0
DA:482,0
DA:483,0
DA:484,0
DA:485,0
DA:486,0
DA:487,0
DA:488,0
DA:489,0
DA:490,0
DA:497,0
DA:498,0
DA:505,0
DA:523,0
DA:532,0
DA:533,0
DA:534,0
DA:535,0
DA:542,0
DA:543,0
DA:546,0
DA:547,0
DA:550,0
DA:551,0
DA:555,0
DA:562,0
DA:576,0
DA:577,0
DA:584,0
DA:596,0
DA:597,0
DA:604,0
DA:616,0
DA:617,0
DA:624,0
DA:631,0
LF:169
LH:0
BRDA:10,0,0,0
BRDA:11,1,0,0
BRDA:11,1,1,0
BRDA:12,2,0,0
BRDA:12,2,1,0
BRDA:13,3,0,0
BRDA:13,3,1,0
BRDA:14,4,0,0
BRDA:14,4,1,0
BRDA:15,5,0,0
BRDA:15,5,1,0
BRDA:16,6,0,0
BRDA:16,6,1,0
BRDA:17,7,0,0
BRDA:17,7,1,0
BRDA:18,8,0,0
BRDA:18,8,1,0
BRDA:19,9,0,0
BRDA:19,9,1,0
BRDA:20,10,0,0
BRDA:20,10,1,0
BRDA:21,11,0,0
BRDA:21,11,1,0
BRDA:22,12,0,0
BRDA:22,12,1,0
BRDA:23,13,0,0
BRDA:23,13,1,0
BRDA:24,14,0,0
BRDA:24,14,1,0
BRDA:68,15,0,0
BRDA:68,15,1,0
BRDA:104,16,0,0
BRDA:104,16,1,0
BRDA:115,17,0,0
BRDA:116,18,0,0
BRDA:116,18,1,0
BRDA:117,19,0,0
BRDA:117,19,1,0
BRDA:118,20,0,0
BRDA:118,20,1,0
BRDA:119,21,0,0
BRDA:119,21,1,0
BRDA:125,22,0,0
BRDA:127,23,0,0
BRDA:127,23,1,0
BRDA:132,24,0,0
BRDA:132,24,1,0
BRDA:136,25,0,0
BRDA:136,25,1,0
BRDA:161,26,0,0
BRDA:162,27,0,0
BRDA:162,27,1,0
BRDA:163,28,0,0
BRDA:163,28,1,0
BRDA:164,29,0,0
BRDA:164,29,1,0
BRDA:165,30,0,0
BRDA:165,30,1,0
BRDA:166,31,0,0
BRDA:166,31,1,0
BRDA:167,32,0,0
BRDA:167,32,1,0
BRDA:175,33,0,0
BRDA:175,33,1,0
BRDA:175,34,0,0
BRDA:175,34,1,0
BRDA:180,35,0,0
BRDA:180,35,1,0
BRDA:180,36,0,0
BRDA:180,36,1,0
BRDA:185,37,0,0
BRDA:185,37,1,0
BRDA:185,38,0,0
BRDA:185,38,1,0
BRDA:190,39,0,0
BRDA:190,39,1,0
BRDA:190,40,0,0
BRDA:190,40,1,0
BRDA:195,41,0,0
BRDA:195,41,1,0
BRDA:195,42,0,0
BRDA:195,42,1,0
BRDA:201,43,0,0
BRDA:201,43,1,0
BRDA:215,44,0,0
BRDA:215,44,1,0
BRDA:228,45,0,0
BRDA:229,46,0,0
BRDA:229,46,1,0
BRDA:230,47,0,0
BRDA:230,47,1,0
BRDA:237,48,0,0
BRDA:237,48,1,0
BRDA:245,49,0,0
BRDA:245,49,1,0
BRDA:245,49,2,0
BRDA:245,49,3,0
BRDA:249,50,0,0
BRDA:249,50,1,0
BRDA:272,51,0,0
BRDA:273,52,0,0
BRDA:273,52,1,0
BRDA:274,53,0,0
BRDA:274,53,1,0
BRDA:275,54,0,0
BRDA:275,54,1,0
BRDA:276,55,0,0
BRDA:276,55,1,0
BRDA:277,56,0,0
BRDA:277,56,1,0
BRDA:278,57,0,0
BRDA:278,57,1,0
BRDA:279,58,0,0
BRDA:279,58,1,0
BRDA:280,59,0,0
BRDA:280,59,1,0
BRDA:281,60,0,0
BRDA:281,60,1,0
BRDA:282,61,0,0
BRDA:282,61,1,0
BRDA:283,62,0,0
BRDA:283,62,1,0
BRDA:284,63,0,0
BRDA:284,63,1,0
BRDA:285,64,0,0
BRDA:285,64,1,0
BRDA:286,65,0,0
BRDA:286,65,1,0
BRDA:330,66,0,0
BRDA:330,66,1,0
BRDA:340,67,0,0
BRDA:340,67,1,0
BRDA:361,68,0,0
BRDA:362,69,0,0
BRDA:362,69,1,0
BRDA:363,70,0,0
BRDA:363,70,1,0
BRDA:364,71,0,0
BRDA:364,71,1,0
BRDA:365,72,0,0
BRDA:365,72,1,0
BRDA:366,73,0,0
BRDA:366,73,1,0
BRDA:367,74,0,0
BRDA:367,74,1,0
BRDA:368,75,0,0
BRDA:368,75,1,0
BRDA:369,76,0,0
BRDA:369,76,1,0
BRDA:370,77,0,0
BRDA:370,77,1,0
BRDA:371,78,0,0
BRDA:371,78,1,0
BRDA:372,79,0,0
BRDA:372,79,1,0
BRDA:417,80,0,0
BRDA:417,80,1,0
BRDA:418,81,0,0
BRDA:418,81,1,0
BRDA:419,82,0,0
BRDA:419,82,1,0
BRDA:420,83,0,0
BRDA:420,83,1,0
BRDA:421,84,0,0
BRDA:421,84,1,0
BRDA:422,85,0,0
BRDA:422,85,1,0
BRDA:423,86,0,0
BRDA:423,86,1,0
BRDA:424,87,0,0
BRDA:424,87,1,0
BRDA:459,88,0,0
BRDA:459,88,1,0
BRDA:480,89,0,0
BRDA:481,90,0,0
BRDA:481,90,1,0
BRDA:482,91,0,0
BRDA:482,91,1,0
BRDA:483,92,0,0
BRDA:483,92,1,0
BRDA:484,93,0,0
BRDA:484,93,1,0
BRDA:485,94,0,0
BRDA:485,94,1,0
BRDA:486,95,0,0
BRDA:486,95,1,0
BRDA:487,96,0,0
BRDA:487,96,1,0
BRDA:488,97,0,0
BRDA:488,97,1,0
BRDA:489,98,0,0
BRDA:489,98,1,0
BRDA:490,99,0,0
BRDA:490,99,1,0
BRDA:510,100,0,0
BRDA:510,100,1,0
BRDA:511,101,0,0
BRDA:511,101,1,0
BRDA:512,102,0,0
BRDA:512,102,1,0
BRDA:513,103,0,0
BRDA:513,103,1,0
BRDA:531,104,0,0
BRDA:532,105,0,0
BRDA:532,105,1,0
BRDA:533,106,0,0
BRDA:533,106,1,0
BRDA:534,107,0,0
BRDA:534,107,1,0
BRDA:535,108,0,0
BRDA:535,108,1,0
BRDA:541,109,0,0
BRDA:542,110,0,0
BRDA:542,110,1,0
BRDA:550,111,0,0
BRDA:550,111,1,0
BRDA:555,112,0,0
BRDA:555,112,1,0
BRDA:575,113,0,0
BRDA:576,114,0,0
BRDA:576,114,1,0
BRDA:577,115,0,0
BRDA:577,115,1,0
BRDA:595,116,0,0
BRDA:596,117,0,0
BRDA:596,117,1,0
BRDA:597,118,0,0
BRDA:597,118,1,0
BRDA:615,119,0,0
BRDA:616,120,0,0
BRDA:616,120,1,0
BRDA:617,121,0,0
BRDA:617,121,1,0
BRF:233
BRH:0
end_of_record
TN:
SF:src\models\dataStore.js
FN:51,(anonymous_0)
FN:69,(anonymous_1)
FN:73,(anonymous_2)
FN:77,(anonymous_3)
FN:81,(anonymous_4)
FN:86,(anonymous_5)
FN:95,(anonymous_6)
FN:104,(anonymous_7)
FN:108,(anonymous_8)
FN:112,(anonymous_9)
FN:117,(anonymous_10)
FN:126,(anonymous_11)
FN:134,(anonymous_12)
FN:135,(anonymous_13)
FN:138,(anonymous_14)
FN:139,(anonymous_15)
FN:145,(anonymous_16)
FN:149,(anonymous_17)
FN:153,(anonymous_18)
FN:158,(anonymous_19)
FN:167,(anonymous_20)
FN:175,(anonymous_21)
FN:176,(anonymous_22)
FN:179,(anonymous_23)
FN:180,(anonymous_24)
FN:183,(anonymous_25)
FN:184,(anonymous_26)
FN:189,(anonymous_27)
FN:190,(anonymous_28)
FN:195,(anonymous_29)
FN:196,(anonymous_30)
FN:202,(anonymous_31)
FN:206,(anonymous_32)
FN:210,(anonymous_33)
FN:215,(anonymous_34)
FN:224,(anonymous_35)
FN:232,(anonymous_36)
FN:233,(anonymous_37)
FN:236,(anonymous_38)
FN:237,(anonymous_39)
FN:240,(anonymous_40)
FN:241,(anonymous_41)
FN:245,(anonymous_42)
FN:249,(anonymous_43)
FN:253,(anonymous_44)
FN:258,(anonymous_45)
FN:267,(anonymous_46)
FN:275,(anonymous_47)
FN:276,(anonymous_48)
FN:279,(anonymous_49)
FN:280,(anonymous_50)
FN:283,(anonymous_51)
FN:284,(anonymous_52)
FNF:53
FNH:0
FNDA:0,(anonymous_0)
FNDA:0,(anonymous_1)
FNDA:0,(anonymous_2)
FNDA:0,(anonymous_3)
FNDA:0,(anonymous_4)
FNDA:0,(anonymous_5)
FNDA:0,(anonymous_6)
FNDA:0,(anonymous_7)
FNDA:0,(anonymous_8)
FNDA:0,(anonymous_9)
FNDA:0,(anonymous_10)
FNDA:0,(anonymous_11)
FNDA:0,(anonymous_12)
FNDA:0,(anonymous_13)
FNDA:0,(anonymous_14)
FNDA:0,(anonymous_15)
FNDA:0,(anonymous_16)
FNDA:0,(anonymous_17)
FNDA:0,(anonymous_18)
FNDA:0,(anonymous_19)
FNDA:0,(anonymous_20)
FNDA:0,(anonymous_21)
FNDA:0,(anonymous_22)
FNDA:0,(anonymous_23)
FNDA:0,(anonymous_24)
FNDA:0,(anonymous_25)
FNDA:0,(anonymous_26)
FNDA:0,(anonymous_27)
FNDA:0,(anonymous_28)
FNDA:0,(anonymous_29)
FNDA:0,(anonymous_30)
FNDA:0,(anonymous_31)
FNDA:0,(anonymous_32)
FNDA:0,(anonymous_33)
FNDA:0,(anonymous_34)
FNDA:0,(anonymous_35)
FNDA:0,(anonymous_36)
FNDA:0,(anonymous_37)
FNDA:0,(anonymous_38)
FNDA:0,(anonymous_39)
FNDA:0,(anonymous_40)
FNDA:0,(anonymous_41)
FNDA:0,(anonymous_42)
FNDA:0,(anonymous_43)
FNDA:0,(anonymous_44)
FNDA:0,(anonymous_45)
FNDA:0,(anonymous_46)
FNDA:0,(anonymous_47)
FNDA:0,(anonymous_48)
FNDA:0,(anonymous_49)
FNDA:0,(anonymous_50)
FNDA:0,(anonymous_51)
FNDA:0,(anonymous_52)
DA:7,0
DA:10,0
DA:13,0
DA:16,0
DA:19,0
DA:22,0
DA:25,0
DA:26,0
DA:27,0
DA:28,0
DA:29,0
DA:30,0
DA:31,0
DA:33,0
DA:52,0
DA:53,0
DA:54,0
DA:55,0
DA:56,0
DA:57,0
DA:60,0
DA:61,0
DA:62,0
DA:63,0
DA:64,0
DA:65,0
DA:66,0
DA:70,0
DA:74,0
DA:78,0
DA:82,0
DA:83,0
DA:87,0
DA:88,0
DA:90,0
DA:91,0
DA:92,0
DA:96,0
DA:97,0
DA:99,0
DA:100,0
DA:105,0
DA:109,0
DA:113,0
DA:114,0
DA:118,0
DA:119,0
DA:121,0
DA:122,0
DA:123,0
DA:127,0
DA:128,0
DA:130,0
DA:131,0
DA:135,0
DA:139,0
DA:140,0
DA:146,0
DA:150,0
DA:154,0
DA:155,0
DA:159,0
DA:160,0
DA:162,0
DA:163,0
DA:164,0
DA:168,0
DA:169,0
DA:171,0
DA:172,0
DA:176,0
DA:180,0
DA:184,0
DA:185,0
DA:190,0
DA:191,0
DA:196,0
DA:197,0
DA:203,0
DA:207,0
DA:211,0
DA:212,0
DA:216,0
DA:217,0
DA:219,0
DA:220,0
DA:221,0
DA:225,0
DA:226,0
DA:228,0
DA:229,0
DA:233,0
DA:237,0
DA:241,0
DA:246,0
DA:250,0
DA:254,0
DA:255,0
DA:259,0
DA:260,0
DA:262,0
DA:263,0
DA:264,0
DA:268,0
DA:269,0
DA:271,0
DA:272,0
DA:276,0
DA:280,0
DA:284,0
LF:110
LH:0
BRDA:88,0,0,0
BRDA:88,0,1,0
BRDA:97,1,0,0
BRDA:97,1,1,0
BRDA:119,2,0,0
BRDA:119,2,1,0
BRDA:128,3,0,0
BRDA:128,3,1,0
BRDA:140,4,0,0
BRDA:140,4,1,0
BRDA:160,5,0,0
BRDA:160,5,1,0
BRDA:169,6,0,0
BRDA:169,6,1,0
BRDA:185,7,0,0
BRDA:185,7,1,0
BRDA:191,8,0,0
BRDA:191,8,1,0
BRDA:197,9,0,0
BRDA:197,9,1,0
BRDA:217,10,0,0
BRDA:217,10,1,0
BRDA:226,11,0,0
BRDA:226,11,1,0
BRDA:260,12,0,0
BRDA:260,12,1,0
BRDA:269,13,0,0
BRDA:269,13,1,0
BRF:28
BRH:0
end_of_record
TN:
SF:src\routes\attendance.js
FN:13,(anonymous_0)
FN:17,(anonymous_1)
FNF:2
FNH:0
FNDA:0,(anonymous_0)
FNDA:0,(anonymous_1)
DA:6,0
DA:7,0
DA:8,0
DA:10,0
DA:13,0
DA:14,0
DA:17,0
DA:18,0
DA:21,0
LF:9
LH:0
BRF:0
BRH:0
end_of_record
TN:
SF:src\routes\auth.js
FNF:0
FNH:0
DA:6,0
DA:7,0
DA:8,0
DA:9,0
DA:10,0
DA:11,0
DA:13,0
DA:19,0
DA:36,0
DA:49,0
DA:58,0
DA:67,0
DA:79,0
DA:91,0
DA:100,0
DA:110,0
LF:16
LH:0
BRF:0
BRH:0
end_of_record
TN:
SF:src\routes\auth_new.js
FNF:0
FNH:0
DA:6,0
DA:7,0
DA:8,0
DA:9,0
DA:10,0
DA:11,0
DA:13,0
DA:19,0
DA:35,0
DA:48,0
DA:57,0
DA:66,0
DA:78,0
DA:90,0
DA:99,0
DA:109,0
LF:16
LH:0
BRF:0
BRH:0
end_of_record
TN:
SF:src\routes\automation.js
FN:13,(anonymous_0)
FN:17,(anonymous_1)
FNF:2
FNH:0
FNDA:0,(anonymous_0)
FNDA:0,(anonymous_1)
DA:6,0
DA:7,0
DA:8,0
DA:10,0
DA:13,0
DA:14,0
DA:17,0
DA:18,0
DA:21,0
LF:9
LH:0
BRF:0
BRH:0
end_of_record
TN:
SF:src\routes\communication.js
FNF:0
FNH:0
DA:1,0
DA:2,0
DA:3,0
DA:4,0
DA:5,0
DA:6,0
DA:8,0
DA:11,0
DA:20,0
DA:32,0
DA:40,0
DA:51,0
DA:56,0
DA:69,0
DA:79,0
DA:93,0
DA:109,0
DA:117,0
DA:125,0
DA:132,0
DA:146,0
DA:159,0
DA:168,0
DA:178,0
DA:186,0
DA:197,0
LF:26
LH:0
BRF:0
BRH:0
end_of_record
TN:
SF:src\routes\fees.js
FNF:0
FNH:0
DA:6,0
DA:7,0
DA:8,0
DA:9,0
DA:10,0
DA:17,0
DA:19,0
DA:22,0
DA:60,0
DA:97,0
DA:130,0
DA:139,0
DA:147,0
DA:155,0
DA:163,0
DA:172,0
DA:179,0
LF:17
LH:0
BRF:0
BRH:0
end_of_record
TN:
SF:src\routes\organizations.js
FN:50,(anonymous_0)
FN:81,(anonymous_1)
FNF:2
FNH:0
FNDA:0,(anonymous_0)
FNDA:0,(anonymous_1)
DA:6,0
DA:7,0
DA:8,0
DA:9,0
DA:10,0
DA:11,0
DA:13,0
DA:16,0
DA:49,0
DA:52,0
DA:80,0
DA:84,0
DA:95,0
DA:104,0
DA:114,0
DA:125,0
DA:137,0
DA:148,0
DA:159,0
DA:170,0
DA:189,0
DA:208,0
DA:224,0
DA:235,0
DA:251,0
DA:259,0
LF:26
LH:0
BRF:0
BRH:0
end_of_record
TN:
SF:src\routes\payments.js
FNF:0
FNH:0
DA:6,0
DA:7,0
DA:8,0
DA:16,0
DA:18,0
DA:19,0
DA:20,0
DA:29,0
DA:48,0
DA:68,0
DA:87,0
DA:107,0
DA:112,0
LF:13
LH:0
BRF:0
BRH:0
end_of_record
TN:
SF:src\routes\students.js
FNF:0
FNH:0
DA:6,0
DA:7,0
DA:8,0
DA:9,0
DA:10,0
DA:11,0
DA:13,0
DA:19,0
DA:35,0
DA:56,0
DA:69,0
DA:91,0
DA:100,0
LF:13
LH:0
BRF:0
BRH:0
end_of_record
TN:
SF:src\routes\users.js
FNF:0
FNH:0
DA:6,0
DA:7,0
DA:8,0
DA:9,0
DA:10,0
DA:11,0
DA:13,0
DA:19,0
DA:35,0
DA:48,0
DA:65,0
DA:78,0
DA:88,0
LF:13
LH:0
BRF:0
BRH:0
end_of_record
TN:
SF:src\routes\whatsapp.js
FN:85,(anonymous_0)
FNF:1
FNH:0
FNDA:0,(anonymous_0)
DA:6,0
DA:7,0
DA:8,0
DA:9,0
DA:10,0
DA:12,0
DA:13,0
DA:16,0
DA:22,0
DA:28,0
DA:38,0
DA:49,0
DA:55,0
DA:61,0
DA:67,0
DA:73,0
DA:85,0
DA:86,0
DA:89,0
LF:19
LH:0
BRF:0
BRH:0
end_of_record
TN:
SF:src\schedulers\automationScheduler.js
FN:8,(anonymous_0)
FN:20,(anonymous_1)
FN:57,(anonymous_2)
FN:67,(anonymous_3)
FN:88,(anonymous_4)
FN:91,(anonymous_5)
FN:109,(anonymous_6)
FN:112,(anonymous_7)
FN:132,(anonymous_8)
FN:135,(anonymous_9)
FN:163,(anonymous_10)
FN:166,(anonymous_11)
FN:184,(anonymous_12)
FN:187,(anonymous_13)
FN:205,(anonymous_14)
FN:255,(anonymous_15)
FN:287,(anonymous_16)
FN:292,(anonymous_17)
FN:305,(anonymous_18)
FN:318,(anonymous_19)
FN:332,(anonymous_20)
FN:347,(anonymous_21)
FN:362,(anonymous_22)
FN:377,(anonymous_23)
FN:392,(anonymous_24)
FN:393,(anonymous_25)
FNF:26
FNH:0
FNDA:0,(anonymous_0)
FNDA:0,(anonymous_1)
FNDA:0,(anonymous_2)
FNDA:0,(anonymous_3)
FNDA:0,(anonymous_4)
FNDA:0,(anonymous_5)
FNDA:0,(anonymous_6)
FNDA:0,(anonymous_7)
FNDA:0,(anonymous_8)
FNDA:0,(anonymous_9)
FNDA:0,(anonymous_10)
FNDA:0,(anonymous_11)
FNDA:0,(anonymous_12)
FNDA:0,(anonymous_13)
FNDA:0,(anonymous_14)
FNDA:0,(anonymous_15)
FNDA:0,(anonymous_16)
FNDA:0,(anonymous_17)
FNDA:0,(anonymous_18)
FNDA:0,(anonymous_19)
FNDA:0,(anonymous_20)
FNDA:0,(anonymous_21)
FNDA:0,(anonymous_22)
FNDA:0,(anonymous_23)
FNDA:0,(anonymous_24)
FNDA:0,(anonymous_25)
DA:1,0
DA:2,0
DA:3,0
DA:4,0
DA:5,0
DA:9,0
DA:10,0
DA:11,0
DA:12,0
DA:13,0
DA:14,0
DA:21,0
DA:22,0
DA:23,0
DA:26,0
DA:28,0
DA:30,0
DA:33,0
DA:36,0
DA:37,0
DA:40,0
DA:43,0
DA:45,0
DA:46,0
DA:49,0
DA:50,0
DA:58,0
DA:59,0
DA:60,0
DA:63,0
DA:65,0
DA:67,0
DA:68,0
DA:69,0
DA:72,0
DA:75,0
DA:77,0
DA:78,0
DA:81,0
DA:89,0
DA:91,0
DA:92,0
DA:93,0
DA:95,0
DA:102,0
DA:103,0
DA:110,0
DA:112,0
DA:113,0
DA:114,0
DA:115,0
DA:116,0
DA:118,0
DA:125,0
DA:126,0
DA:133,0
DA:135,0
DA:136,0
DA:138,0
DA:139,0
DA:141,0
DA:142,0
DA:143,0
DA:144,0
DA:146,0
DA:149,0
DA:156,0
DA:157,0
DA:164,0
DA:166,0
DA:167,0
DA:168,0
DA:170,0
DA:177,0
DA:178,0
DA:185,0
DA:187,0
DA:188,0
DA:189,0
DA:191,0
DA:198,0
DA:199,0
DA:206,0
DA:207,0
DA:209,0
DA:210,0
DA:213,0
DA:214,0
DA:215,0
DA:216,0
DA:217,0
DA:218,0
DA:219,0
DA:220,0
DA:223,0
DA:224,0
DA:225,0
DA:228,0
DA:229,0
DA:230,0
DA:233,0
DA:234,0
DA:237,0
DA:238,0
DA:241,0
DA:242,0
DA:245,0
DA:248,0
DA:256,0
DA:257,0
DA:260,0
DA:263,0
DA:264,0
DA:265,0
DA:267,0
DA:268,0
DA:277,0
DA:280,0
DA:288,0
DA:289,0
DA:291,0
DA:292,0
DA:293,0
DA:295,0
DA:298,0
DA:306,0
DA:319,0
DA:320,0
DA:321,0
DA:322,0
DA:324,0
DA:325,0
DA:333,0
DA:334,0
DA:335,0
DA:336,0
DA:337,0
DA:339,0
DA:340,0
DA:348,0
DA:349,0
DA:350,0
DA:351,0
DA:352,0
DA:354,0
DA:355,0
DA:363,0
DA:364,0
DA:365,0
DA:366,0
DA:367,0
DA:369,0
DA:370,0
DA:378,0
DA:379,0
DA:380,0
DA:381,0
DA:382,0
DA:384,0
DA:385,0
DA:393,0
DA:401,0
LF:162
LH:0
BRDA:21,0,0,0
BRDA:21,0,1,0
BRDA:58,1,0,0
BRDA:58,1,1,0
BRDA:68,2,0,0
BRDA:68,2,1,0
BRDA:68,3,0,0
BRDA:68,3,1,0
BRDA:99,4,0,0
BRDA:99,4,1,0
BRDA:122,5,0,0
BRDA:122,5,1,0
BRDA:141,6,0,0
BRDA:141,6,1,0
BRDA:141,7,0,0
BRDA:141,7,1,0
BRDA:153,8,0,0
BRDA:153,8,1,0
BRDA:174,9,0,0
BRDA:174,9,1,0
BRDA:195,10,0,0
BRDA:195,10,1,0
BRDA:214,11,0,0
BRDA:214,11,1,0
BRDA:215,12,0,0
BRDA:215,12,1,0
BRDA:215,13,0,0
BRDA:215,13,1,0
BRDA:216,14,0,0
BRDA:216,14,1,0
BRDA:217,15,0,0
BRDA:217,15,1,0
BRDA:218,16,0,0
BRDA:218,16,1,0
BRDA:219,17,0,0
BRDA:219,17,1,0
BRDA:220,18,0,0
BRDA:220,18,1,0
BRDA:228,19,0,0
BRDA:228,19,1,0
BRDA:233,20,0,0
BRDA:233,20,1,0
BRDA:237,21,0,0
BRDA:237,21,1,0
BRDA:241,22,0,0
BRDA:241,22,1,0
BRDA:264,23,0,0
BRDA:264,23,1,0
BRDA:267,24,0,0
BRDA:267,24,1,0
BRDA:310,25,0,0
BRDA:310,25,1,0
BRDA:366,26,0,0
BRDA:366,26,1,0
BRDA:381,27,0,0
BRDA:381,27,1,0
BRDA:395,28,0,0
BRDA:395,28,1,0
BRDA:396,29,0,0
BRDA:396,29,1,0
BRF:60
BRH:0
end_of_record
TN:
SF:src\services\automatedAttendanceNotificationsService.js
FN:12,(anonymous_0)
FN:23,(anonymous_1)
FN:69,(anonymous_2)
FN:136,(anonymous_3)
FN:221,(anonymous_4)
FN:265,(anonymous_5)
FN:273,(anonymous_6)
FN:290,(anonymous_7)
FN:328,(anonymous_8)
FN:344,(anonymous_9)
FN:368,(anonymous_10)
FN:390,(anonymous_11)
FN:421,(anonymous_12)
FN:442,(anonymous_13)
FN:457,(anonymous_14)
FN:472,(anonymous_15)
FN:487,(anonymous_16)
FN:506,(anonymous_17)
FN:523,(anonymous_18)
FN:532,(anonymous_19)
FN:545,(anonymous_20)
FN:556,(anonymous_21)
FN:578,(anonymous_22)
FN:579,(anonymous_23)
FNF:24
FNH:0
FNDA:0,(anonymous_0)
FNDA:0,(anonymous_1)
FNDA:0,(anonymous_2)
FNDA:0,(anonymous_3)
FNDA:0,(anonymous_4)
FNDA:0,(anonymous_5)
FNDA:0,(anonymous_6)
FNDA:0,(anonymous_7)
FNDA:0,(anonymous_8)
FNDA:0,(anonymous_9)
FNDA:0,(anonymous_10)
FNDA:0,(anonymous_11)
FNDA:0,(anonymous_12)
FNDA:0,(anonymous_13)
FNDA:0,(anonymous_14)
FNDA:0,(anonymous_15)
FNDA:0,(anonymous_16)
FNDA:0,(anonymous_17)
FNDA:0,(anonymous_18)
FNDA:0,(anonymous_19)
FNDA:0,(anonymous_20)
FNDA:0,(anonymous_21)
FNDA:0,(anonymous_22)
FNDA:0,(anonymous_23)
DA:6,0
DA:7,0
DA:8,0
DA:9,0
DA:13,0
DA:14,0
DA:15,0
DA:16,0
DA:24,0
DA:25,0
DA:28,0
DA:30,0
DA:31,0
DA:33,0
DA:34,0
DA:35,0
DA:36,0
DA:39,0
DA:42,0
DA:46,0
DA:48,0
DA:56,0
DA:57,0
DA:70,0
DA:71,0
DA:74,0
DA:75,0
DA:76,0
DA:77,0
DA:81,0
DA:82,0
DA:83,0
DA:87,0
DA:89,0
DA:90,0
DA:91,0
DA:94,0
DA:96,0
DA:99,0
DA:100,0
DA:101,0
DA:102,0
DA:103,0
DA:106,0
DA:110,0
DA:111,0
DA:115,0
DA:119,0
DA:121,0
DA:124,0
DA:125,0
DA:137,0
DA:138,0
DA:141,0
DA:142,0
DA:143,0
DA:144,0
DA:148,0
DA:149,0
DA:150,0
DA:151,0
DA:155,0
DA:156,0
DA:158,0
DA:159,0
DA:160,0
DA:164,0
DA:177,0
DA:178,0
DA:179,0
DA:180,0
DA:184,0
DA:198,0
DA:200,0
DA:202,0
DA:204,0
DA:207,0
DA:210,0
DA:211,0
DA:222,0
DA:223,0
DA:226,0
DA:227,0
DA:228,0
DA:229,0
DA:233,0
DA:234,0
DA:235,0
DA:236,0
DA:240,0
DA:251,0
DA:253,0
DA:256,0
DA:257,0
DA:266,0
DA:267,0
DA:272,0
DA:273,0
DA:274,0
DA:277,0
DA:280,0
DA:281,0
DA:291,0
DA:292,0
DA:294,0
DA:295,0
DA:298,0
DA:299,0
DA:301,0
DA:317,0
DA:318,0
DA:329,0
DA:330,0
DA:331,0
DA:333,0
DA:334,0
DA:337,0
DA:343,0
DA:344,0
DA:345,0
DA:348,0
DA:349,0
DA:350,0
DA:354,0
DA:357,0
DA:358,0
DA:369,0
DA:370,0
DA:376,0
DA:379,0
DA:380,0
DA:391,0
DA:392,0
DA:403,0
DA:406,0
DA:411,0
DA:422,0
DA:423,0
DA:425,0
DA:426,0
DA:429,0
DA:432,0
DA:433,0
DA:443,0
DA:449,0
DA:458,0
DA:464,0
DA:473,0
DA:479,0
DA:488,0
DA:489,0
DA:490,0
DA:491,0
DA:493,0
DA:494,0
DA:496,0
DA:497,0
DA:499,0
DA:507,0
DA:510,0
DA:511,0
DA:512,0
DA:513,0
DA:524,0
DA:533,0
DA:546,0
DA:557,0
DA:579,0
DA:583,0
LF:169
LH:0
BRDA:75,0,0,0
BRDA:75,0,1,0
BRDA:81,1,0,0
BRDA:81,1,1,0
BRDA:89,2,0,0
BRDA:89,2,1,0
BRDA:102,3,0,0
BRDA:102,3,1,0
BRDA:110,4,0,0
BRDA:110,4,1,0
BRDA:142,5,0,0
BRDA:142,5,1,0
BRDA:142,6,0,0
BRDA:142,6,1,0
BRDA:149,7,0,0
BRDA:149,7,1,0
BRDA:158,8,0,0
BRDA:158,8,1,0
BRDA:166,9,0,0
BRDA:166,9,1,0
BRDA:167,10,0,0
BRDA:167,10,1,0
BRDA:167,10,2,0
BRDA:167,10,3,0
BRDA:170,11,0,0
BRDA:170,11,1,0
BRDA:171,12,0,0
BRDA:171,12,1,0
BRDA:172,13,0,0
BRDA:172,13,1,0
BRDA:173,14,0,0
BRDA:173,14,1,0
BRDA:178,15,0,0
BRDA:178,15,1,0
BRDA:190,16,0,0
BRDA:190,16,1,0
BRDA:200,17,0,0
BRDA:200,17,1,0
BRDA:227,18,0,0
BRDA:227,18,1,0
BRDA:227,19,0,0
BRDA:227,19,1,0
BRDA:234,20,0,0
BRDA:234,20,1,0
BRDA:234,21,0,0
BRDA:234,21,1,0
BRDA:241,22,0,0
BRDA:241,22,1,0
BRDA:244,23,0,0
BRDA:244,23,1,0
BRDA:294,24,0,0
BRDA:294,24,1,0
BRDA:299,25,0,0
BRDA:299,25,1,0
BRDA:309,26,0,0
BRDA:309,26,1,0
BRDA:310,27,0,0
BRDA:310,27,1,0
BRDA:311,28,0,0
BRDA:311,28,1,0
BRDA:312,29,0,0
BRDA:312,29,1,0
BRDA:313,30,0,0
BRDA:313,30,1,0
BRDA:349,31,0,0
BRDA:349,31,1,0
BRDA:349,32,0,0
BRDA:349,32,1,0
BRDA:425,33,0,0
BRDA:425,33,1,0
BRDA:449,34,0,0
BRDA:449,34,1,0
BRDA:464,35,0,0
BRDA:464,35,1,0
BRDA:479,36,0,0
BRDA:479,36,1,0
BRDA:499,37,0,0
BRDA:499,37,1,0
BRDA:512,38,0,0
BRDA:512,38,1,0
BRF:80
BRH:0
end_of_record
TN:
SF:src\services\automatedFeeNotificationsService.js
FN:12,(anonymous_0)
FN:23,(anonymous_1)
FN:69,(anonymous_2)
FN:133,(anonymous_3)
FN:207,(anonymous_4)
FN:268,(anonymous_5)
FN:276,(anonymous_6)
FN:293,(anonymous_7)
FN:326,(anonymous_8)
FN:335,(anonymous_9)
FN:346,(anonymous_10)
FN:375,(anonymous_11)
FN:376,(anonymous_12)
FN:393,(anonymous_13)
FN:408,(anonymous_14)
FN:430,(anonymous_15)
FN:457,(anonymous_16)
FN:482,(anonymous_17)
FN:507,(anonymous_18)
FN:528,(anonymous_19)
FN:548,(anonymous_20)
FN:560,(anonymous_21)
FN:577,(anonymous_22)
FN:578,(anonymous_23)
FNF:24
FNH:0
FNDA:0,(anonymous_0)
FNDA:0,(anonymous_1)
FNDA:0,(anonymous_2)
FNDA:0,(anonymous_3)
FNDA:0,(anonymous_4)
FNDA:0,(anonymous_5)
FNDA:0,(anonymous_6)
FNDA:0,(anonymous_7)
FNDA:0,(anonymous_8)
FNDA:0,(anonymous_9)
FNDA:0,(anonymous_10)
FNDA:0,(anonymous_11)
FNDA:0,(anonymous_12)
FNDA:0,(anonymous_13)
FNDA:0,(anonymous_14)
FNDA:0,(anonymous_15)
FNDA:0,(anonymous_16)
FNDA:0,(anonymous_17)
FNDA:0,(anonymous_18)
FNDA:0,(anonymous_19)
FNDA:0,(anonymous_20)
FNDA:0,(anonymous_21)
FNDA:0,(anonymous_22)
FNDA:0,(anonymous_23)
DA:6,0
DA:7,0
DA:8,0
DA:9,0
DA:13,0
DA:14,0
DA:15,0
DA:16,0
DA:24,0
DA:25,0
DA:28,0
DA:30,0
DA:31,0
DA:33,0
DA:34,0
DA:35,0
DA:36,0
DA:39,0
DA:42,0
DA:46,0
DA:48,0
DA:56,0
DA:57,0
DA:70,0
DA:71,0
DA:74,0
DA:75,0
DA:76,0
DA:77,0
DA:81,0
DA:82,0
DA:83,0
DA:87,0
DA:89,0
DA:90,0
DA:91,0
DA:94,0
DA:96,0
DA:99,0
DA:100,0
DA:101,0
DA:102,0
DA:103,0
DA:107,0
DA:108,0
DA:112,0
DA:116,0
DA:118,0
DA:121,0
DA:122,0
DA:134,0
DA:136,0
DA:137,0
DA:138,0
DA:140,0
DA:141,0
DA:142,0
DA:143,0
DA:144,0
DA:148,0
DA:149,0
DA:150,0
DA:151,0
DA:155,0
DA:168,0
DA:169,0
DA:170,0
DA:171,0
DA:175,0
DA:184,0
DA:186,0
DA:188,0
DA:190,0
DA:193,0
DA:196,0
DA:197,0
DA:208,0
DA:209,0
DA:212,0
DA:213,0
DA:214,0
DA:215,0
DA:219,0
DA:220,0
DA:221,0
DA:225,0
DA:238,0
DA:247,0
DA:249,0
DA:250,0
DA:253,0
DA:256,0
DA:259,0
DA:260,0
DA:269,0
DA:270,0
DA:275,0
DA:276,0
DA:277,0
DA:280,0
DA:283,0
DA:284,0
DA:294,0
DA:295,0
DA:297,0
DA:298,0
DA:301,0
DA:302,0
DA:304,0
DA:315,0
DA:316,0
DA:327,0
DA:328,0
DA:329,0
DA:332,0
DA:335,0
DA:336,0
DA:337,0
DA:338,0
DA:346,0
DA:347,0
DA:348,0
DA:349,0
DA:356,0
DA:359,0
DA:360,0
DA:362,0
DA:364,0
DA:365,0
DA:375,0
DA:376,0
DA:379,0
DA:382,0
DA:383,0
DA:394,0
DA:395,0
DA:396,0
DA:398,0
DA:399,0
DA:401,0
DA:407,0
DA:408,0
DA:409,0
DA:410,0
DA:411,0
DA:415,0
DA:418,0
DA:419,0
DA:431,0
DA:432,0
DA:434,0
DA:442,0
DA:445,0
DA:446,0
DA:458,0
DA:459,0
DA:468,0
DA:471,0
DA:483,0
DA:484,0
DA:494,0
DA:497,0
DA:508,0
DA:509,0
DA:511,0
DA:512,0
DA:515,0
DA:518,0
DA:519,0
DA:529,0
DA:530,0
DA:531,0
DA:532,0
DA:534,0
DA:535,0
DA:537,0
DA:538,0
DA:540,0
DA:549,0
DA:561,0
DA:578,0
DA:582,0
LF:182
LH:0
BRDA:75,0,0,0
BRDA:75,0,1,0
BRDA:81,1,0,0
BRDA:81,1,1,0
BRDA:89,2,0,0
BRDA:89,2,1,0
BRDA:102,3,0,0
BRDA:102,3,1,0
BRDA:107,4,0,0
BRDA:107,4,1,0
BRDA:141,5,0,0
BRDA:141,5,1,0
BRDA:143,6,0,0
BRDA:143,6,1,0
BRDA:149,7,0,0
BRDA:149,7,1,0
BRDA:157,8,0,0
BRDA:157,8,1,0
BRDA:158,9,0,0
BRDA:158,9,1,0
BRDA:160,10,0,0
BRDA:160,10,1,0
BRDA:160,10,2,0
BRDA:161,11,0,0
BRDA:161,11,1,0
BRDA:162,12,0,0
BRDA:162,12,1,0
BRDA:163,13,0,0
BRDA:163,13,1,0
BRDA:164,14,0,0
BRDA:164,14,1,0
BRDA:169,15,0,0
BRDA:169,15,1,0
BRDA:177,16,0,0
BRDA:177,16,1,0
BRDA:181,17,0,0
BRDA:181,17,1,0
BRDA:186,18,0,0
BRDA:186,18,1,0
BRDA:213,19,0,0
BRDA:213,19,1,0
BRDA:220,20,0,0
BRDA:220,20,1,0
BRDA:227,21,0,0
BRDA:227,21,1,0
BRDA:230,22,0,0
BRDA:230,22,1,0
BRDA:231,23,0,0
BRDA:231,23,1,0
BRDA:232,24,0,0
BRDA:232,24,1,0
BRDA:232,24,2,0
BRDA:233,25,0,0
BRDA:233,25,1,0
BRDA:234,26,0,0
BRDA:234,26,1,0
BRDA:240,27,0,0
BRDA:240,27,1,0
BRDA:249,28,0,0
BRDA:249,28,1,0
BRDA:297,29,0,0
BRDA:297,29,1,0
BRDA:302,30,0,0
BRDA:302,30,1,0
BRDA:306,31,0,0
BRDA:306,31,1,0
BRDA:307,32,0,0
BRDA:307,32,1,0
BRDA:308,33,0,0
BRDA:308,33,1,0
BRDA:309,34,0,0
BRDA:309,34,1,0
BRDA:310,35,0,0
BRDA:310,35,1,0
BRDA:311,36,0,0
BRDA:311,36,1,0
BRDA:364,37,0,0
BRDA:364,37,1,0
BRDA:364,38,0,0
BRDA:364,38,1,0
BRDA:410,39,0,0
BRDA:410,39,1,0
BRDA:511,40,0,0
BRDA:511,40,1,0
BRDA:540,41,0,0
BRDA:540,41,1,0
BRF:86
BRH:0
end_of_record
TN:
SF:src\services\automationService.js
FN:7,(anonymous_0)
FN:19,(anonymous_1)
FN:52,(anonymous_2)
FN:73,(anonymous_3)
FN:128,(anonymous_4)
FN:164,(anonymous_5)
FN:181,(anonymous_6)
FN:196,(anonymous_7)
FN:245,(anonymous_8)
FN:297,(anonymous_9)
FN:328,(anonymous_10)
FN:362,(anonymous_11)
FNF:12
FNH:0
FNDA:0,(anonymous_0)
FNDA:0,(anonymous_1)
FNDA:0,(anonymous_2)
FNDA:0,(anonymous_3)
FNDA:0,(anonymous_4)
FNDA:0,(anonymous_5)
FNDA:0,(anonymous_6)
FNDA:0,(anonymous_7)
FNDA:0,(anonymous_8)
FNDA:0,(anonymous_9)
FNDA:0,(anonymous_10)
FNDA:0,(anonymous_11)
DA:1,0
DA:2,0
DA:3,0
DA:4,0
DA:8,0
DA:9,0
DA:10,0
DA:11,0
DA:12,0
DA:13,0
DA:20,0
DA:21,0
DA:22,0
DA:25,0
DA:27,0
DA:29,0
DA:30,0
DA:31,0
DA:35,0
DA:36,0
DA:37,0
DA:40,0
DA:41,0
DA:44,0
DA:45,0
DA:53,0
DA:54,0
DA:55,0
DA:58,0
DA:59,0
DA:61,0
DA:62,0
DA:63,0
DA:64,0
DA:66,0
DA:74,0
DA:75,0
DA:76,0
DA:79,0
DA:80,0
DA:83,0
DA:84,0
DA:85,0
DA:86,0
DA:90,0
DA:93,0
DA:94,0
DA:95,0
DA:96,0
DA:99,0
DA:100,0
DA:103,0
DA:104,0
DA:105,0
DA:106,0
DA:107,0
DA:110,0
DA:114,0
DA:115,0
DA:118,0
DA:129,0
DA:130,0
DA:134,0
DA:135,0
DA:138,0
DA:139,0
DA:143,0
DA:144,0
DA:145,0
DA:147,0
DA:148,0
DA:150,0
DA:151,0
DA:152,0
DA:155,0
DA:165,0
DA:166,0
DA:167,0
DA:168,0
DA:169,0
DA:172,0
DA:182,0
DA:183,0
DA:186,0
DA:187,0
DA:188,0
DA:189,0
DA:193,0
DA:196,0
DA:197,0
DA:200,0
DA:201,0
DA:202,0
DA:203,0
DA:206,0
DA:209,0
DA:210,0
DA:211,0
DA:212,0
DA:214,0
DA:222,0
DA:225,0
DA:229,0
DA:232,0
DA:235,0
DA:246,0
DA:248,0
DA:249,0
DA:253,0
DA:254,0
DA:255,0
DA:260,0
DA:261,0
DA:262,0
DA:263,0
DA:265,0
DA:266,0
DA:269,0
DA:270,0
DA:273,0
DA:274,0
DA:279,0
DA:280,0
DA:283,0
DA:286,0
DA:287,0
DA:298,0
DA:299,0
DA:302,0
DA:312,0
DA:313,0
DA:316,0
DA:319,0
DA:320,0
DA:329,0
DA:330,0
DA:331,0
DA:332,0
DA:333,0
DA:335,0
DA:347,0
DA:363,0
DA:364,0
DA:366,0
DA:368,0
DA:369,0
DA:372,0
DA:373,0
DA:378,0
LF:149
LH:0
BRDA:20,0,0,0
BRDA:20,0,1,0
BRDA:30,1,0,0
BRDA:30,1,1,0
BRDA:36,2,0,0
BRDA:36,2,1,0
BRDA:53,3,0,0
BRDA:53,3,1,0
BRDA:74,4,0,0
BRDA:74,4,1,0
BRDA:84,5,0,0
BRDA:84,5,1,0
BRDA:94,6,0,0
BRDA:94,6,1,0
BRDA:105,7,0,0
BRDA:105,7,1,0
BRDA:129,8,0,0
BRDA:129,8,1,0
BRDA:138,9,0,0
BRDA:138,9,1,0
BRDA:150,10,0,0
BRDA:150,10,1,0
BRDA:165,11,0,0
BRDA:165,11,1,0
BRDA:167,12,0,0
BRDA:167,12,1,0
BRDA:169,13,0,0
BRDA:169,13,1,0
BRDA:187,14,0,0
BRDA:187,14,1,0
BRDA:200,15,0,0
BRDA:200,15,1,0
BRDA:248,16,0,0
BRDA:248,16,1,0
BRDA:253,17,0,0
BRDA:253,17,1,0
BRDA:253,18,0,0
BRDA:253,18,1,0
BRDA:254,19,0,0
BRDA:254,19,1,0
BRDA:260,20,0,0
BRDA:260,20,1,0
BRDA:260,21,0,0
BRDA:260,21,1,0
BRDA:265,22,0,0
BRDA:265,22,1,0
BRDA:265,23,0,0
BRDA:265,23,1,0
BRDA:269,24,0,0
BRDA:269,24,1,0
BRDA:269,25,0,0
BRDA:269,25,1,0
BRDA:273,26,0,0
BRDA:273,26,1,0
BRDA:273,27,0,0
BRDA:273,27,1,0
BRDA:279,28,0,0
BRDA:279,28,1,0
BRDA:279,29,0,0
BRDA:279,29,1,0
BRDA:279,29,2,0
BRDA:303,30,0,0
BRDA:303,30,1,0
BRDA:304,31,0,0
BRDA:304,31,1,0
BRDA:305,32,0,0
BRDA:305,32,1,0
BRDA:306,33,0,0
BRDA:306,33,1,0
BRDA:307,34,0,0
BRDA:307,34,1,0
BRDA:308,35,0,0
BRDA:308,35,1,0
BRDA:309,36,0,0
BRDA:309,36,1,0
BRF:75
BRH:0
end_of_record
TN:
SF:src\services\communicationAnalyticsService.js
FN:6,(anonymous_0)
FN:20,(anonymous_1)
FN:87,(anonymous_2)
FN:143,(anonymous_3)
FN:182,(anonymous_4)
FN:223,(anonymous_5)
FN:228,(anonymous_6)
FN:234,(anonymous_7)
FN:241,(anonymous_8)
FN:243,(anonymous_9)
FN:263,(anonymous_10)
FN:291,(anonymous_11)
FN:318,(anonymous_12)
FN:356,(anonymous_13)
FN:380,(anonymous_14)
FN:402,(anonymous_15)
FN:428,(anonymous_16)
FN:435,(anonymous_17)
FN:452,(anonymous_18)
FN:487,(anonymous_19)
FN:510,(anonymous_20)
FN:534,(anonymous_21)
FN:549,(anonymous_22)
FN:557,(anonymous_23)
FNF:24
FNH:0
FNDA:0,(anonymous_0)
FNDA:0,(anonymous_1)
FNDA:0,(anonymous_2)
FNDA:0,(anonymous_3)
FNDA:0,(anonymous_4)
FNDA:0,(anonymous_5)
FNDA:0,(anonymous_6)
FNDA:0,(anonymous_7)
FNDA:0,(anonymous_8)
FNDA:0,(anonymous_9)
FNDA:0,(anonymous_10)
FNDA:0,(anonymous_11)
FNDA:0,(anonymous_12)
FNDA:0,(anonymous_13)
FNDA:0,(anonymous_14)
FNDA:0,(anonymous_15)
FNDA:0,(anonymous_16)
FNDA:0,(anonymous_17)
FNDA:0,(anonymous_18)
FNDA:0,(anonymous_19)
FNDA:0,(anonymous_20)
FNDA:0,(anonymous_21)
FNDA:0,(anonymous_22)
FNDA:0,(anonymous_23)
DA:1,0
DA:2,0
DA:3,0
DA:7,0
DA:8,0
DA:9,0
DA:12,0
DA:13,0
DA:14,0
DA:21,0
DA:31,0
DA:34,0
DA:35,0
DA:38,0
DA:39,0
DA:41,0
DA:56,0
DA:57,0
DA:73,0
DA:75,0
DA:76,0
DA:79,0
DA:80,0
DA:88,0
DA:89,0
DA:90,0
DA:93,0
DA:109,0
DA:110,0
DA:111,0
DA:112,0
DA:113,0
DA:114,0
DA:117,0
DA:118,0
DA:119,0
DA:120,0
DA:122,0
DA:123,0
DA:124,0
DA:125,0
DA:129,0
DA:132,0
DA:135,0
DA:136,0
DA:144,0
DA:145,0
DA:146,0
DA:148,0
DA:161,0
DA:162,0
DA:163,0
DA:164,0
DA:165,0
DA:168,0
DA:169,0
DA:171,0
DA:174,0
DA:175,0
DA:183,0
DA:189,0
DA:191,0
DA:205,0
DA:206,0
DA:209,0
DA:210,0
DA:212,0
DA:213,0
DA:214,0
DA:215,0
DA:216,0
DA:217,0
DA:223,0
DA:224,0
DA:225,0
DA:228,0
DA:229,0
DA:234,0
DA:235,0
DA:241,0
DA:242,0
DA:243,0
DA:246,0
DA:252,0
DA:255,0
DA:256,0
DA:264,0
DA:272,0
DA:274,0
DA:275,0
DA:276,0
DA:278,0
DA:279,0
DA:282,0
DA:283,0
DA:284,0
DA:285,0
DA:287,0
DA:291,0
DA:294,0
DA:296,0
DA:302,0
DA:310,0
DA:311,0
DA:319,0
DA:320,0
DA:322,0
DA:323,0
DA:342,0
DA:345,0
DA:348,0
DA:349,0
DA:357,0
DA:358,0
DA:360,0
DA:366,0
DA:368,0
DA:369,0
DA:372,0
DA:373,0
DA:381,0
DA:382,0
DA:383,0
DA:393,0
DA:399,0
DA:400,0
DA:402,0
DA:403,0
DA:404,0
DA:405,0
DA:414,0
DA:415,0
DA:417,0
DA:418,0
DA:421,0
DA:422,0
DA:426,0
DA:427,0
DA:428,0
DA:430,0
DA:431,0
DA:435,0
DA:436,0
DA:440,0
DA:441,0
DA:444,0
DA:445,0
DA:453,0
DA:454,0
DA:458,0
DA:460,0
DA:461,0
DA:463,0
DA:464,0
DA:466,0
DA:467,0
DA:469,0
DA:470,0
DA:472,0
DA:475,0
DA:476,0
DA:479,0
DA:480,0
DA:488,0
DA:489,0
DA:491,0
DA:511,0
DA:512,0
DA:517,0
DA:535,0
DA:537,0
DA:550,0
DA:552,0
DA:557,0
DA:565,0
DA:566,0
DA:570,0
DA:580,0
LF:178
LH:0
BRDA:7,0,0,0
BRDA:7,0,1,0
BRDA:8,1,0,0
BRDA:8,1,1,0
BRDA:9,2,0,0
BRDA:9,2,1,0
BRDA:28,3,0,0
BRDA:29,4,0,0
BRDA:30,5,0,0
BRDA:34,6,0,0
BRDA:34,6,1,0
BRDA:34,7,0,0
BRDA:34,7,1,0
BRDA:34,7,2,0
BRDA:34,7,3,0
BRDA:34,7,4,0
BRDA:63,8,0,0
BRDA:63,8,1,0
BRDA:66,9,0,0
BRDA:66,9,1,0
BRDA:67,10,0,0
BRDA:67,10,1,0
BRDA:93,11,0,0
BRDA:93,11,1,0
BRDA:110,12,0,0
BRDA:110,12,1,0
BRDA:111,13,0,0
BRDA:111,13,1,0
BRDA:112,14,0,0
BRDA:112,14,1,0
BRDA:117,15,0,0
BRDA:117,15,1,0
BRDA:118,16,0,0
BRDA:118,16,1,0
BRDA:119,17,0,0
BRDA:119,17,1,0
BRDA:120,18,0,0
BRDA:120,18,1,0
BRDA:122,19,0,0
BRDA:122,19,1,0
BRDA:148,20,0,0
BRDA:148,20,1,0
BRDA:162,21,0,0
BRDA:162,21,1,0
BRDA:163,22,0,0
BRDA:163,22,1,0
BRDA:182,23,0,0
BRDA:187,24,0,0
BRDA:188,25,0,0
BRDA:205,26,0,0
BRDA:205,26,1,0
BRDA:206,27,0,0
BRDA:206,27,1,0
BRDA:210,28,0,0
BRDA:210,28,1,0
BRDA:212,29,0,0
BRDA:212,29,1,0
BRDA:213,30,0,0
BRDA:213,30,1,0
BRDA:213,31,0,0
BRDA:213,31,1,0
BRDA:214,32,0,0
BRDA:214,32,1,0
BRDA:214,33,0,0
BRDA:214,33,1,0
BRDA:216,34,0,0
BRDA:216,34,1,0
BRDA:216,35,0,0
BRDA:216,35,1,0
BRDA:224,36,0,0
BRDA:224,36,1,0
BRDA:225,37,0,0
BRDA:225,37,1,0
BRDA:228,38,0,0
BRDA:228,38,1,0
BRDA:230,39,0,0
BRDA:230,39,1,0
BRDA:234,40,0,0
BRDA:234,40,1,0
BRDA:236,41,0,0
BRDA:236,41,1,0
BRDA:241,42,0,0
BRDA:241,42,1,0
BRDA:242,43,0,0
BRDA:242,43,1,0
BRDA:263,44,0,0
BRDA:270,45,0,0
BRDA:271,46,0,0
BRDA:275,47,0,0
BRDA:275,47,1,0
BRDA:276,48,0,0
BRDA:276,48,1,0
BRDA:279,49,0,0
BRDA:279,49,1,0
BRDA:282,50,0,0
BRDA:282,50,1,0
BRDA:282,51,0,0
BRDA:282,51,1,0
BRDA:283,52,0,0
BRDA:283,52,1,0
BRDA:283,53,0,0
BRDA:283,53,1,0
BRDA:284,54,0,0
BRDA:284,54,1,0
BRDA:284,55,0,0
BRDA:284,55,1,0
BRDA:285,56,0,0
BRDA:285,56,1,0
BRDA:285,57,0,0
BRDA:285,57,1,0
BRDA:322,58,0,0
BRDA:322,58,1,0
BRDA:380,59,0,0
BRDA:404,60,0,0
BRDA:404,60,1,0
BRDA:417,61,0,0
BRDA:417,61,1,0
BRDA:430,62,0,0
BRDA:430,62,1,0
BRDA:437,63,0,0
BRDA:437,63,1,0
BRDA:452,64,0,0
BRDA:458,65,0,0
BRDA:458,65,1,0
BRDA:458,65,2,0
BRDA:458,65,3,0
BRDA:458,65,4,0
BRDA:558,66,0,0
BRDA:558,66,1,0
BRDA:559,67,0,0
BRDA:559,67,1,0
BRDA:560,68,0,0
BRDA:560,68,1,0
BRDA:565,69,0,0
BRDA:565,69,1,0
BRF:135
BRH:0
end_of_record
TN:
SF:src\services\communicationManagementService.js
FN:6,(anonymous_0)
FN:22,(anonymous_1)
FN:76,(anonymous_2)
FN:117,(anonymous_3)
FN:134,(anonymous_4)
FN:155,(anonymous_5)
FN:182,(anonymous_6)
FN:220,(anonymous_7)
FN:255,(anonymous_8)
FN:276,(anonymous_9)
FN:293,(anonymous_10)
FN:317,(anonymous_11)
FN:340,(anonymous_12)
FN:361,(anonymous_13)
FN:420,(anonymous_14)
FN:458,(anonymous_15)
FN:492,(anonymous_16)
FN:503,(anonymous_17)
FN:527,(anonymous_18)
FN:546,(anonymous_19)
FNF:20
FNH:0
FNDA:0,(anonymous_0)
FNDA:0,(anonymous_1)
FNDA:0,(anonymous_2)
FNDA:0,(anonymous_3)
FNDA:0,(anonymous_4)
FNDA:0,(anonymous_5)
FNDA:0,(anonymous_6)
FNDA:0,(anonymous_7)
FNDA:0,(anonymous_8)
FNDA:0,(anonymous_9)
FNDA:0,(anonymous_10)
FNDA:0,(anonymous_11)
FNDA:0,(anonymous_12)
FNDA:0,(anonymous_13)
FNDA:0,(anonymous_14)
FNDA:0,(anonymous_15)
FNDA:0,(anonymous_16)
FNDA:0,(anonymous_17)
FNDA:0,(anonymous_18)
FNDA:0,(anonymous_19)
DA:1,0
DA:2,0
DA:3,0
DA:7,0
DA:8,0
DA:9,0
DA:10,0
DA:13,0
DA:14,0
DA:15,0
DA:16,0
DA:23,0
DA:33,0
DA:36,0
DA:37,0
DA:40,0
DA:42,0
DA:59,0
DA:62,0
DA:64,0
DA:65,0
DA:68,0
DA:69,0
DA:77,0
DA:78,0
DA:105,0
DA:106,0
DA:109,0
DA:110,0
DA:118,0
DA:119,0
DA:121,0
DA:123,0
DA:124,0
DA:127,0
DA:128,0
DA:130,0
DA:134,0
DA:137,0
DA:139,0
DA:147,0
DA:148,0
DA:156,0
DA:157,0
DA:158,0
DA:159,0
DA:162,0
DA:168,0
DA:170,0
DA:171,0
DA:174,0
DA:175,0
DA:183,0
DA:184,0
DA:186,0
DA:196,0
DA:199,0
DA:200,0
DA:202,0
DA:203,0
DA:204,0
DA:208,0
DA:209,0
DA:212,0
DA:213,0
DA:221,0
DA:223,0
DA:224,0
DA:227,0
DA:228,0
DA:229,0
DA:234,0
DA:235,0
DA:237,0
DA:238,0
DA:239,0
DA:243,0
DA:244,0
DA:247,0
DA:248,0
DA:256,0
DA:257,0
DA:258,0
DA:262,0
DA:265,0
DA:268,0
DA:269,0
DA:277,0
DA:278,0
DA:279,0
DA:280,0
DA:282,0
DA:285,0
DA:286,0
DA:294,0
DA:295,0
DA:297,0
DA:303,0
DA:305,0
DA:306,0
DA:309,0
DA:310,0
DA:318,0
DA:319,0
DA:321,0
DA:322,0
DA:323,0
DA:326,0
DA:328,0
DA:329,0
DA:332,0
DA:333,0
DA:334,0
DA:336,0
DA:340,0
DA:343,0
DA:345,0
DA:353,0
DA:354,0
DA:362,0
DA:363,0
DA:365,0
DA:379,0
DA:380,0
DA:382,0
DA:383,0
DA:384,0
DA:388,0
DA:389,0
DA:393,0
DA:394,0
DA:395,0
DA:396,0
DA:401,0
DA:402,0
DA:404,0
DA:405,0
DA:408,0
DA:409,0
DA:412,0
DA:413,0
DA:421,0
DA:422,0
DA:428,0
DA:429,0
DA:430,0
DA:431,0
DA:433,0
DA:434,0
DA:441,0
DA:447,0
DA:450,0
DA:451,0
DA:459,0
DA:460,0
DA:464,0
DA:466,0
DA:467,0
DA:469,0
DA:470,0
DA:472,0
DA:475,0
DA:476,0
DA:484,0
DA:485,0
DA:493,0
DA:495,0
DA:501,0
DA:503,0
DA:504,0
DA:518,0
DA:521,0
DA:528,0
DA:529,0
DA:530,0
DA:532,0
DA:535,0
DA:538,0
DA:539,0
DA:547,0
DA:548,0
DA:550,0
DA:551,0
DA:552,0
DA:556,0
DA:559,0
DA:560,0
DA:565,0
LF:188
LH:0
BRDA:7,0,0,0
BRDA:7,0,1,0
BRDA:8,1,0,0
BRDA:8,1,1,0
BRDA:9,2,0,0
BRDA:9,2,1,0
BRDA:10,3,0,0
BRDA:10,3,1,0
BRDA:30,4,0,0
BRDA:31,5,0,0
BRDA:32,6,0,0
BRDA:36,7,0,0
BRDA:36,7,1,0
BRDA:36,8,0,0
BRDA:36,8,1,0
BRDA:36,8,2,0
BRDA:36,8,3,0
BRDA:48,9,0,0
BRDA:48,9,1,0
BRDA:49,10,0,0
BRDA:49,10,1,0
BRDA:117,11,0,0
BRDA:119,12,0,0
BRDA:119,13,0,0
BRDA:124,14,0,0
BRDA:124,14,1,0
BRDA:127,15,0,0
BRDA:127,15,1,0
BRDA:127,16,0,0
BRDA:127,16,1,0
BRDA:128,17,0,0
BRDA:128,17,1,0
BRDA:128,18,0,0
BRDA:128,18,1,0
BRDA:158,19,0,0
BRDA:158,19,1,0
BRDA:182,20,0,0
BRDA:200,21,0,0
BRDA:200,21,1,0
BRDA:200,22,0,0
BRDA:200,22,1,0
BRDA:200,22,2,0
BRDA:224,23,0,0
BRDA:224,23,1,0
BRDA:224,24,0,0
BRDA:224,24,1,0
BRDA:224,24,2,0
BRDA:235,25,0,0
BRDA:235,25,1,0
BRDA:235,26,0,0
BRDA:235,26,1,0
BRDA:235,26,2,0
BRDA:255,27,0,0
BRDA:258,28,0,0
BRDA:258,28,1,0
BRDA:258,29,0,0
BRDA:258,29,1,0
BRDA:258,29,2,0
BRDA:258,29,3,0
BRDA:258,29,4,0
BRDA:279,30,0,0
BRDA:279,30,1,0
BRDA:317,31,0,0
BRDA:319,32,0,0
BRDA:319,33,0,0
BRDA:322,34,0,0
BRDA:322,34,1,0
BRDA:323,35,0,0
BRDA:323,35,1,0
BRDA:326,36,0,0
BRDA:326,36,1,0
BRDA:329,37,0,0
BRDA:329,37,1,0
BRDA:329,38,0,0
[...]
DA:193,0
DA:204,0
DA:205,0
DA:211,0
DA:212,0
DA:213,0
DA:215,0
DA:216,0
DA:217,0
DA:218,0
DA:220,0
DA:224,0
DA:232,0
DA:233,0
DA:242,0
DA:244,0
DA:246,0
DA:254,0
DA:265,0
LF:73
LH:0
BRDA:13,0,0,0
BRDA:13,0,1,0
BRDA:99,1,0,0
BRDA:99,1,1,0
BRDA:153,2,0,0
BRDA:217,3,0,0
BRDA:217,3,1,0
BRDA:228,4,0,0
BRDA:228,4,1,0
BRF:9
BRH:0
end_of_record
TN:
SF:src\services\messageTemplateService.js
FN:10,(anonymous_0)
FN:21,(anonymous_1)
FN:68,(anonymous_2)
FN:100,(anonymous_3)
FN:126,(anonymous_4)
FN:157,(anonymous_5)
FN:209,(anonymous_6)
FN:246,(anonymous_7)
FN:277,(anonymous_8)
FN:304,(anonymous_9)
FN:308,(anonymous_10)
FN:316,(anonymous_11)
FN:368,(anonymous_12)
FN:376,(anonymous_13)
FN:385,(anonymous_14)
FN:431,(anonymous_15)
FN:446,(anonymous_16)
FNF:17
FNH:0
FNDA:0,(anonymous_0)
FNDA:0,(anonymous_1)
FNDA:0,(anonymous_2)
FNDA:0,(anonymous_3)
FNDA:0,(anonymous_4)
FNDA:0,(anonymous_5)
FNDA:0,(anonymous_6)
FNDA:0,(anonymous_7)
FNDA:0,(anonymous_8)
FNDA:0,(anonymous_9)
FNDA:0,(anonymous_10)
FNDA:0,(anonymous_11)
FNDA:0,(anonymous_12)
FNDA:0,(anonymous_13)
FNDA:0,(anonymous_14)
FNDA:0,(anonymous_15)
FNDA:0,(anonymous_16)
DA:6,0
DA:7,0
DA:11,0
DA:12,0
DA:22,0
DA:23,0
DA:25,0
DA:41,0
DA:42,0
DA:43,0
DA:47,0
DA:50,0
DA:52,0
DA:54,0
DA:57,0
DA:58,0
DA:69,0
DA:71,0
DA:72,0
DA:74,0
DA:75,0
DA:76,0
DA:79,0
DA:81,0
DA:85,0
DA:86,0
DA:89,0
DA:90,0
DA:93,0
DA:94,0
DA:97,0
DA:99,0
DA:100,0
DA:101,0
DA:105,0
DA:110,0
DA:112,0
DA:115,0
DA:116,0
DA:127,0
DA:128,0
DA:130,0
DA:131,0
DA:134,0
DA:137,0
DA:138,0
DA:139,0
DA:142,0
DA:145,0
DA:146,0
DA:158,0
DA:160,0
DA:162,0
DA:163,0
DA:166,0
DA:168,0
DA:177,0
DA:178,0
DA:179,0
DA:183,0
DA:191,0
DA:193,0
DA:195,0
DA:198,0
DA:199,0
DA:210,0
DA:212,0
DA:214,0
DA:215,0
DA:218,0
DA:221,0
DA:228,0
DA:230,0
DA:232,0
DA:235,0
DA:236,0
DA:247,0
DA:248,0
DA:251,0
DA:252,0
DA:253,0
DA:257,0
DA:258,0
DA:259,0
DA:262,0
DA:265,0
DA:266,0
DA:278,0
DA:279,0
DA:285,0
DA:286,0
DA:287,0
DA:291,0
DA:294,0
DA:295,0
DA:305,0
DA:306,0
DA:308,0
DA:317,0
DA:320,0
DA:321,0
DA:324,0
DA:325,0
DA:328,0
DA:329,0
DA:333,0
DA:344,0
DA:345,0
DA:349,0
DA:350,0
DA:354,0
DA:355,0
DA:358,0
DA:369,0
DA:370,0
DA:371,0
DA:372,0
DA:376,0
DA:377,0
DA:386,0
DA:432,0
DA:433,0
DA:435,0
DA:436,0
DA:438,0
DA:439,0
DA:443,0
DA:446,0
DA:448,0
DA:450,0
DA:458,0
DA:459,0
DA:464,0
LF:133
LH:0
BRDA:31,0,0,0
BRDA:31,0,1,0
BRDA:42,1,0,0
BRDA:42,1,1,0
BRDA:68,2,0,0
BRDA:74,3,0,0
BRDA:74,3,1,0
BRDA:74,4,0,0
BRDA:74,4,1,0
BRDA:85,5,0,0
BRDA:85,5,1,0
BRDA:89,6,0,0
BRDA:89,6,1,0
BRDA:93,7,0,0
BRDA:93,7,1,0
BRDA:130,8,0,0
BRDA:130,8,1,0
BRDA:137,9,0,0
BRDA:137,9,1,0
BRDA:162,10,0,0
BRDA:162,10,1,0
BRDA:171,11,0,0
BRDA:171,11,1,0
BRDA:178,12,0,0
BRDA:178,12,1,0
BRDA:214,13,0,0
BRDA:214,13,1,0
BRDA:253,14,0,0
BRDA:253,14,1,0
BRDA:258,15,0,0
BRDA:258,15,1,0
BRDA:277,16,0,0
BRDA:285,17,0,0
BRDA:285,17,1,0
BRDA:306,18,0,0
BRDA:306,18,1,0
BRDA:320,19,0,0
BRDA:320,19,1,0
BRDA:320,20,0,0
BRDA:320,20,1,0
BRDA:324,21,0,0
BRDA:324,21,1,0
BRDA:324,22,0,0
BRDA:324,22,1,0
BRDA:328,23,0,0
BRDA:328,23,1,0
BRDA:344,24,0,0
BRDA:344,24,1,0
BRDA:344,25,0,0
BRDA:344,25,1,0
BRDA:349,26,0,0
BRDA:349,26,1,0
BRDA:349,27,0,0
BRDA:349,27,1,0
BRDA:354,28,0,0
BRDA:354,28,1,0
BRDA:354,29,0,0
BRDA:354,29,1,0
BRDA:371,30,0,0
BRDA:371,30,1,0
BRF:60
BRH:0
end_of_record
TN:
SF:src\services\queueService.js
FN:4,(anonymous_0)
FN:13,(anonymous_1)
FN:15,(anonymous_2)
FN:46,(anonymous_3)
FN:51,(anonymous_4)
FN:61,(anonymous_5)
FN:66,(anonymous_6)
FN:71,(anonymous_7)
FN:81,(anonymous_8)
FN:108,(anonymous_9)
FN:122,(anonymous_10)
FN:149,(anonymous_11)
FN:163,(anonymous_12)
FN:177,(anonymous_13)
FN:191,(anonymous_14)
FN:206,(anonymous_15)
FN:221,(anonymous_16)
FN:236,(anonymous_17)
FN:262,(anonymous_18)
FNF:19
FNH:0
FNDA:0,(anonymous_0)
FNDA:0,(anonymous_1)
FNDA:0,(anonymous_2)
FNDA:0,(anonymous_3)
FNDA:0,(anonymous_4)
FNDA:0,(anonymous_5)
FNDA:0,(anonymous_6)
FNDA:0,(anonymous_7)
FNDA:0,(anonymous_8)
FNDA:0,(anonymous_9)
FNDA:0,(anonymous_10)
FNDA:0,(anonymous_11)
FNDA:0,(anonymous_12)
FNDA:0,(anonymous_13)
FNDA:0,(anonymous_14)
FNDA:0,(anonymous_15)
FNDA:0,(anonymous_16)
FNDA:0,(anonymous_17)
FNDA:0,(anonymous_18)
DA:1,0
DA:5,0
DA:6,0
DA:7,0
DA:15,0
DA:16,0
DA:18,0
DA:20,0
DA:22,0
DA:23,0
DA:26,0
DA:28,0
DA:31,0
DA:33,0
DA:36,0
DA:39,0
DA:41,0
DA:46,0
DA:47,0
DA:51,0
DA:52,0
DA:55,0
DA:56,0
DA:61,0
DA:62,0
DA:66,0
DA:67,0
DA:71,0
DA:72,0
DA:82,0
DA:83,0
DA:94,0
DA:95,0
DA:98,0
DA:99,0
DA:110,0
DA:115,0
DA:123,0
DA:124,0
DA:125,0
DA:126,0
DA:127,0
DA:128,0
DA:130,0
DA:140,0
DA:141,0
DA:150,0
DA:151,0
DA:152,0
DA:154,0
DA:155,0
DA:164,0
DA:165,0
DA:166,0
DA:168,0
DA:169,0
DA:178,0
DA:179,0
DA:180,0
DA:182,0
DA:183,0
DA:192,0
DA:193,0
DA:194,0
DA:195,0
DA:197,0
DA:207,0
DA:208,0
DA:209,0
DA:210,0
DA:212,0
DA:222,0
DA:223,0
DA:224,0
DA:225,0
DA:226,0
DA:228,0
DA:237,0
DA:238,0
DA:240,0
DA:249,0
DA:263,0
DA:264,0
DA:265,0
DA:267,0
DA:272,0
LF:86
LH:0
BRDA:5,0,0,0
BRDA:5,0,1,0
BRDA:55,1,0,0
BRDA:55,1,1,0
BRF:4
BRH:0
end_of_record
TN:
SF:src\services\rateLimitService.js
FN:4,(anonymous_0)
FN:13,(anonymous_1)
FN:27,(anonymous_2)
FN:59,(anonymous_3)
FN:139,(anonymous_4)
FN:168,(anonymous_5)
FN:184,(anonymous_6)
FN:202,(anonymous_7)
FN:217,(anonymous_8)
FN:229,(anonymous_9)
FN:258,(anonymous_10)
FN:274,(anonymous_11)
FN:301,(anonymous_12)
FNF:13
FNH:0
FNDA:0,(anonymous_0)
FNDA:0,(anonymous_1)
FNDA:0,(anonymous_2)
FNDA:0,(anonymous_3)
FNDA:0,(anonymous_4)
FNDA:0,(anonymous_5)
FNDA:0,(anonymous_6)
FNDA:0,(anonymous_7)
FNDA:0,(anonymous_8)
FNDA:0,(anonymous_9)
FNDA:0,(anonymous_10)
FNDA:0,(anonymous_11)
FNDA:0,(anonymous_12)
DA:1,0
DA:5,0
DA:6,0
DA:7,0
DA:14,0
DA:15,0
DA:16,0
DA:18,0
DA:28,0
DA:29,0
DA:30,0
DA:33,0
DA:34,0
DA:35,0
DA:37,0
DA:38,0
DA:39,0
DA:40,0
DA:44,0
DA:47,0
DA:48,0
DA:60,0
DA:62,0
DA:63,0
DA:66,0
DA:67,0
DA:74,0
DA:75,0
DA:83,0
DA:84,0
DA:85,0
DA:87,0
DA:88,0
DA:96,0
DA:97,0
DA:98,0
DA:100,0
DA:101,0
DA:109,0
DA:110,0
DA:111,0
DA:113,0
DA:114,0
DA:115,0
DA:117,0
DA:118,0
DA:119,0
DA:127,0
DA:130,0
DA:131,0
DA:140,0
DA:141,0
DA:142,0
DA:145,0
DA:146,0
DA:149,0
DA:150,0
DA:153,0
DA:154,0
DA:156,0
DA:159,0
DA:169,0
DA:170,0
DA:171,0
DA:173,0
DA:174,0
DA:185,0
DA:186,0
DA:187,0
DA:188,0
DA:189,0
DA:190,0
DA:192,0
DA:193,0
DA:203,0
DA:204,0
DA:205,0
DA:207,0
DA:208,0
DA:218,0
DA:219,0
DA:221,0
DA:230,0
DA:231,0
DA:232,0
DA:234,0
DA:235,0
DA:237,0
DA:238,0
DA:240,0
DA:249,0
DA:250,0
DA:259,0
DA:260,0
DA:261,0
DA:262,0
DA:263,0
DA:266,0
DA:275,0
DA:276,0
DA:277,0
DA:279,0
DA:288,0
DA:302,0
DA:303,0
DA:304,0
DA:306,0
DA:311,0
LF:108
LH:0
BRDA:5,0,0,0
BRDA:5,0,1,0
BRDA:29,1,0,0
BRDA:29,1,1,0
BRDA:29,2,0,0
BRDA:29,2,1,0
BRDA:39,3,0,0
BRDA:39,3,1,0
BRDA:62,4,0,0
BRDA:62,4,1,0
BRDA:62,5,0,0
BRDA:62,5,1,0
BRDA:66,6,0,0
BRDA:66,6,1,0
BRDA:66,7,0,0
BRDA:66,7,1,0
BRDA:74,8,0,0
BRDA:74,8,1,0
BRDA:74,9,0,0
BRDA:74,9,1,0
BRDA:83,10,0,0
BRDA:83,10,1,0
BRDA:83,11,0,0
BRDA:83,11,1,0
BRDA:87,12,0,0
BRDA:87,12,1,0
BRDA:96,13,0,0
BRDA:96,13,1,0
BRDA:96,14,0,0
BRDA:96,14,1,0
BRDA:100,15,0,0
BRDA:100,15,1,0
BRDA:109,16,0,0
BRDA:109,16,1,0
BRDA:109,17,0,0
BRDA:109,17,1,0
BRDA:113,18,0,0
BRDA:113,18,1,0
BRDA:117,19,0,0
BRDA:117,19,1,0
BRDA:171,20,0,0
BRDA:171,20,1,0
BRDA:205,21,0,0
BRDA:205,21,1,0
BRDA:261,22,0,0
BRDA:261,22,1,0
BRF:46
BRH:0
end_of_record
TN:
SF:src\services\whatsappService.js
FN:11,(anonymous_0)
FN:23,(anonymous_1)
FN:64,(anonymous_2)
FN:102,(anonymous_3)
FN:152,(anonymous_4)
FN:175,(anonymous_5)
FN:212,(anonymous_6)
FN:239,(anonymous_7)
FN:257,(anonymous_8)
FN:269,(anonymous_9)
FN:289,(anonymous_10)
FN:314,(anonymous_11)
FN:315,(anonymous_12)
FN:325,(anonymous_13)
FN:343,(anonymous_14)
FN:353,(anonymous_15)
FNF:16
FNH:0
FNDA:0,(anonymous_0)
FNDA:0,(anonymous_1)
FNDA:0,(anonymous_2)
FNDA:0,(anonymous_3)
FNDA:0,(anonymous_4)
FNDA:0,(anonymous_5)
FNDA:0,(anonymous_6)
FNDA:0,(anonymous_7)
FNDA:0,(anonymous_8)
FNDA:0,(anonymous_9)
FNDA:0,(anonymous_10)
FNDA:0,(anonymous_11)
FNDA:0,(anonymous_12)
FNDA:0,(anonymous_13)
FNDA:0,(anonymous_14)
FNDA:0,(anonymous_15)
DA:6,0
DA:7,0
DA:8,0
DA:12,0
DA:13,0
DA:14,0
DA:15,0
DA:24,0
DA:25,0
DA:28,0
DA:30,0
DA:31,0
DA:32,0
DA:36,0
DA:37,0
DA:38,0
DA:39,0
DA:43,0
DA:45,0
DA:46,0
DA:47,0
DA:50,0
DA:53,0
DA:54,0
DA:65,0
DA:67,0
DA:69,0
DA:70,0
DA:71,0
DA:75,0
DA:85,0
DA:87,0
DA:90,0
DA:91,0
DA:103,0
DA:104,0
DA:107,0
DA:108,0
DA:109,0
DA:113,0
DA:116,0
DA:125,0
DA:127,0
DA:129,0
DA:132,0
DA:135,0
DA:143,0
DA:153,0
DA:155,0
DA:156,0
DA:157,0
DA:161,0
DA:162,0
DA:163,0
DA:164,0
DA:167,0
DA:176,0
DA:177,0
DA:179,0
DA:180,0
DA:181,0
DA:182,0
DA:185,0
DA:187,0
DA:190,0
DA:193,0
DA:195,0
DA:196,0
DA:199,0
DA:202,0
DA:203,0
DA:213,0
DA:214,0
DA:216,0
DA:217,0
DA:218,0
DA:221,0
DA:222,0
DA:229,0
DA:230,0
DA:240,0
DA:241,0
DA:246,0
DA:249,0
DA:258,0
DA:259,0
DA:260,0
DA:270,0
DA:271,0
DA:277,0
DA:280,0
DA:290,0
DA:292,0
DA:293,0
DA:300,0
DA:315,0
DA:326,0
DA:327,0
DA:328,0
DA:330,0
DA:332,0
DA:335,0
DA:344,0
DA:345,0
DA:346,0
DA:348,0
DA:353,0
DA:361,0
DA:362,0
DA:371,0
LF:110
LH:0
BRDA:30,0,0,0
BRDA:30,0,1,0
BRDA:30,1,0,0
BRDA:30,1,1,0
BRDA:37,2,0,0
BRDA:37,2,1,0
BRDA:37,3,0,0
BRDA:37,3,1,0
BRDA:45,4,0,0
BRDA:45,4,1,0
BRDA:69,5,0,0
BRDA:69,5,1,0
BRDA:77,6,0,0
BRDA:77,6,1,0
BRDA:108,7,0,0
BRDA:108,7,1,0
BRDA:155,8,0,0
BRDA:155,8,1,0
BRDA:162,9,0,0
BRDA:162,9,1,0
BRDA:177,10,0,0
BRDA:177,10,1,0
BRDA:179,11,0,0
BRDA:179,11,1,0
BRDA:195,12,0,0
BRDA:195,12,1,0
BRDA:216,13,0,0
BRDA:216,13,1,0
BRDA:222,14,0,0
BRDA:222,14,1,0
BRDA:259,15,0,0
BRDA:259,15,1,0
BRDA:292,16,0,0
BRDA:292,16,1,0
BRDA:350,17,0,0
BRDA:350,17,1,0
BRDA:351,18,0,0
BRDA:351,18,1,0
BRF:38
BRH:0
end_of_record
TN:
SF:src\services\wppconnectClient.js
FN:4,(anonymous_0)
FN:17,(anonymous_1)
FN:59,(anonymous_2)
FN:84,(anonymous_3)
FN:106,(anonymous_4)
FN:127,(anonymous_5)
FN:156,(anonymous_6)
FN:157,(anonymous_7)
FNF:8
FNH:0
FNDA:0,(anonymous_0)
FNDA:0,(anonymous_1)
FNDA:0,(anonymous_2)
FNDA:0,(anonymous_3)
FNDA:0,(anonymous_4)
FNDA:0,(anonymous_5)
FNDA:0,(anonymous_6)
FNDA:0,(anonymous_7)
DA:1,0
DA:5,0
DA:6,0
DA:7,0
DA:8,0
DA:18,0
DA:20,0
DA:21,0
DA:23,0
DA:34,0
DA:35,0
DA:38,0
DA:40,0
DA:41,0
DA:44,0
DA:45,0
DA:48,0
DA:49,0
DA:62,0
DA:63,0
DA:64,0
DA:66,0
DA:67,0
DA:69,0
DA:70,0
DA:71,0
DA:72,0
DA:77,0
DA:85,0
DA:86,0
DA:87,0
DA:89,0
DA:90,0
DA:93,0
DA:94,0
DA:97,0
DA:98,0
DA:107,0
DA:108,0
DA:109,0
DA:111,0
DA:112,0
DA:115,0
DA:118,0
DA:119,0
DA:128,0
DA:129,0
DA:130,0
DA:132,0
DA:141,0
DA:157,0
DA:161,0
LF:52
LH:0
BRDA:5,0,0,0
BRDA:5,0,1,0
BRDA:6,1,0,0
BRDA:6,1,1,0
BRDA:34,2,0,0
BRDA:34,2,1,0
BRDA:40,3,0,0
BRDA:40,3,1,0
BRDA:69,4,0,0
BRDA:69,4,1,0
BRDA:89,5,0,0
BRDA:89,5,1,0
BRDA:111,6,0,0
BRDA:111,6,1,0
BRF:14
BRH:0
end_of_record
TN:
SF:src\utils\logger.js
FN:11,(anonymous_0)
FN:18,(anonymous_1)
FN:57,(anonymous_2)
FN:135,(anonymous_3)
FN:137,(anonymous_4)
FN:142,(anonymous_5)
FN:147,(anonymous_6)
FN:152,(anonymous_7)
FN:157,(anonymous_8)
FN:162,(anonymous_9)
FN:167,(anonymous_10)
FN:172,(anonymous_11)
FN:180,(anonymous_12)
FN:187,(anonymous_13)
FN:194,(anonymous_14)
FN:201,(anonymous_15)
FN:208,(anonymous_16)
FN:215,(anonymous_17)
FN:222,(anonymous_18)
FN:229,(anonymous_19)
FN:236,(anonymous_20)
FN:243,(anonymous_21)
FN:250,(anonymous_22)
FN:257,(anonymous_23)
FN:264,(anonymous_24)
FN:271,(anonymous_25)
FN:278,(anonymous_26)
FN:285,(anonymous_27)
FN:288,(anonymous_28)
FN:299,(anonymous_29)
FN:306,(anonymous_30)
FN:313,(anonymous_31)
FN:320,(anonymous_32)
FN:327,(anonymous_33)
FN:334,(anonymous_34)
FN:345,(anonymous_35)
FN:354,(anonymous_36)
FN:357,(anonymous_37)
FN:372,(anonymous_38)
FN:390,(anonymous_39)
FNF:40
FNH:0
FNDA:0,(anonymous_0)
FNDA:0,(anonymous_1)
FNDA:0,(anonymous_2)
FNDA:0,(anonymous_3)
FNDA:0,(anonymous_4)
FNDA:0,(anonymous_5)
FNDA:0,(anonymous_6)
FNDA:0,(anonymous_7)
FNDA:0,(anonymous_8)
FNDA:0,(anonymous_9)
FNDA:0,(anonymous_10)
FNDA:0,(anonymous_11)
FNDA:0,(anonymous_12)
FNDA:0,(anonymous_13)
FNDA:0,(anonymous_14)
FNDA:0,(anonymous_15)
FNDA:0,(anonymous_16)
FNDA:0,(anonymous_17)
FNDA:0,(anonymous_18)
FNDA:0,(anonymous_19)
FNDA:0,(anonymous_20)
FNDA:0,(anonymous_21)
FNDA:0,(anonymous_22)
FNDA:0,(anonymous_23)
FNDA:0,(anonymous_24)
FNDA:0,(anonymous_25)
FNDA:0,(anonymous_26)
FNDA:0,(anonymous_27)
FNDA:0,(anonymous_28)
FNDA:0,(anonymous_29)
FNDA:0,(anonymous_30)
FNDA:0,(anonymous_31)
FNDA:0,(anonymous_32)
FNDA:0,(anonymous_33)
FNDA:0,(anonymous_34)
FNDA:0,(anonymous_35)
FNDA:0,(anonymous_36)
FNDA:0,(anonymous_37)
FNDA:0,(anonymous_38)
FNDA:0,(anonymous_39)
DA:6,0
DA:7,0
DA:8,0
DA:12,0
DA:20,0
DA:21,0
DA:22,0
DA:26,0
DA:35,0
DA:44,0
DA:47,0
DA:54,0
DA:58,0
DA:60,0
DA:61,0
DA:64,0
DA:69,0
DA:76,0
DA:79,0
DA:80,0
DA:89,0
DA:118,0
DA:127,0
DA:129,0
DA:137,0
DA:138,0
DA:142,0
DA:143,0
DA:147,0
DA:148,0
DA:152,0
DA:153,0
DA:157,0
DA:158,0
DA:162,0
DA:163,0
DA:167,0
DA:168,0
DA:172,0
DA:173,0
DA:181,0
DA:188,0
DA:195,0
DA:202,0
DA:209,0
DA:216,0
DA:223,0
DA:230,0
DA:237,0
DA:244,0
DA:251,0
DA:258,0
DA:265,0
DA:272,0
DA:279,0
DA:286,0
DA:288,0
DA:300,0
DA:307,0
DA:314,0
DA:321,0
DA:328,0
DA:335,0
DA:346,0
DA:355,0
DA:356,0
DA:358,0
DA:359,0
DA:364,0
DA:373,0
DA:374,0
DA:384,0
DA:387,0
DA:390,0
DA:391,0
DA:394,0
LF:76
LH:0
BRDA:21,0,0,0
BRDA:21,0,1,0
BRDA:60,1,0,0
BRDA:60,1,1,0
BRDA:79,2,0,0
BRDA:79,2,1,0
BRDA:83,3,0,0
BRDA:83,3,1,0
BRDA:119,4,0,0
BRDA:119,4,1,0
BRDA:137,5,0,0
BRDA:142,6,0,0
BRDA:147,7,0,0
BRDA:152,8,0,0
BRDA:157,9,0,0
BRDA:162,10,0,0
BRDA:167,11,0,0
BRDA:172,12,0,0
BRDA:180,13,0,0
BRDA:187,14,0,0
BRDA:194,15,0,0
BRDA:201,16,0,0
BRDA:208,17,0,0
BRDA:215,18,0,0
BRDA:222,19,0,0
BRDA:229,20,0,0
BRDA:236,21,0,0
BRDA:243,22,0,0
BRDA:250,23,0,0
BRDA:257,24,0,0
BRDA:264,25,0,0
BRDA:271,26,0,0
BRDA:278,27,0,0
BRDA:357,28,0,0
BRF:34
BRH:0
end_of_record
TN:
SF:src\utils\validator.js
FN:7,(anonymous_0)
FN:14,(anonymous_1)
FN:21,(anonymous_2)
FN:28,(anonymous_3)
FN:35,(anonymous_4)
FN:42,(anonymous_5)
FN:79,(anonymous_6)
FN:99,(anonymous_7)
FN:110,(anonymous_8)
FN:138,(anonymous_9)
FN:153,(anonymous_10)
FN:224,(anonymous_11)
FN:260,(anonymous_12)
FN:274,(anonymous_13)
FN:286,(anonymous_14)
FN:329,(anonymous_15)
FN:357,(anonymous_16)
FN:368,(anonymous_17)
FN:383,(anonymous_18)
FN:398,(anonymous_19)
FN:413,(anonymous_20)
FN:426,(anonymous_21)
FN:438,(anonymous_22)
FN:450,(anonymous_23)
FN:460,(anonymous_24)
FNF:25
FNH:0
FNDA:0,(anonymous_0)
FNDA:0,(anonymous_1)
FNDA:0,(anonymous_2)
FNDA:0,(anonymous_3)
FNDA:0,(anonymous_4)
FNDA:0,(anonymous_5)
FNDA:0,(anonymous_6)
FNDA:0,(anonymous_7)
FNDA:0,(anonymous_8)
FNDA:0,(anonymous_9)
FNDA:0,(anonymous_10)
FNDA:0,(anonymous_11)
FNDA:0,(anonymous_12)
FNDA:0,(anonymous_13)
FNDA:0,(anonymous_14)
FNDA:0,(anonymous_15)
FNDA:0,(anonymous_16)
FNDA:0,(anonymous_17)
FNDA:0,(anonymous_18)
FNDA:0,(anonymous_19)
FNDA:0,(anonymous_20)
FNDA:0,(anonymous_21)
FNDA:0,(anonymous_22)
FNDA:0,(anonymous_23)
FNDA:0,(anonymous_24)
DA:8,0
DA:15,0
DA:22,0
DA:29,0
DA:36,0
DA:43,0
DA:46,0
DA:47,0
DA:50,0
DA:51,0
DA:54,0
DA:55,0
DA:57,0
DA:60,0
DA:61,0
DA:65,0
DA:66,0
DA:69,0
DA:70,0
DA:73,0
DA:80,0
DA:81,0
DA:84,0
DA:85,0
DA:86,0
DA:90,0
DA:91,0
DA:94,0
DA:95,0
DA:96,0
DA:98,0
DA:99,0
DA:100,0
DA:101,0
DA:112,0
DA:113,0
DA:114,0
DA:115,0
DA:120,0
DA:121,0
DA:125,0
DA:126,0
DA:130,0
DA:131,0
DA:139,0
DA:140,0
DA:143,0
DA:144,0
DA:145,0
DA:154,0
DA:157,0
DA:158,0
DA:161,0
DA:162,0
DA:165,0
DA:166,0
DA:167,0
DA:168,0
DA:173,0
DA:174,0
DA:175,0
DA:176,0
DA:177,0
DA:178,0
DA:182,0
DA:183,0
DA:186,0
DA:187,0
DA:190,0
DA:191,0
DA:194,0
DA:195,0
DA:196,0
DA:197,0
DA:198,0
DA:200,0
DA:201,0
DA:205,0
DA:206,0
DA:207,0
DA:211,0
DA:212,0
DA:213,0
DA:214,0
DA:218,0
DA:225,0
DA:228,0
DA:229,0
DA:232,0
DA:233,0
DA:237,0
DA:238,0
DA:241,0
DA:242,0
DA:245,0
DA:246,0
DA:250,0
DA:251,0
DA:254,0
DA:261,0
DA:266,0
DA:267,0
DA:270,0
DA:271,0
DA:274,0
DA:275,0
DA:278,0
DA:279,0
DA:287,0
DA:290,0
DA:291,0
DA:295,0
DA:296,0
DA:299,0
DA:300,0
DA:304,0
DA:305,0
DA:309,0
DA:310,0
DA:314,0
DA:315,0
DA:319,0
DA:320,0
DA:323,0
DA:330,0
DA:331,0
DA:334,0
DA:335,0
DA:336,0
DA:340,0
DA:341,0
DA:342,0
DA:346,0
DA:347,0
DA:348,0
DA:352,0
DA:353,0
DA:354,0
DA:356,0
DA:357,0
DA:358,0
DA:359,0
DA:369,0
DA:370,0
DA:373,0
DA:374,0
DA:375,0
DA:384,0
DA:385,0
DA:388,0
DA:389,0
DA:390,0
DA:399,0
DA:400,0
DA:403,0
DA:404,0
DA:405,0
DA:414,0
DA:415,0
DA:418,0
DA:419,0
DA:420,0
DA:427,0
DA:428,0
DA:431,0
DA:432,0
DA:439,0
DA:440,0
DA:443,0
DA:444,0
DA:451,0
DA:452,0
DA:454,0
DA:461,0
DA:462,0
DA:464,0
DA:469,0
DA:471,0
LF:178
LH:0
BRDA:46,0,0,0
BRDA:46,0,1,0
BRDA:46,1,0,0
BRDA:46,1,1,0
BRDA:46,1,2,0
BRDA:50,2,0,0
BRDA:50,2,1,0
BRDA:50,3,0,0
BRDA:50,3,1,0
BRDA:54,4,0,0
BRDA:54,4,1,0
BRDA:60,5,0,0
BRDA:60,5,1,0
BRDA:65,6,0,0
BRDA:65,6,1,0
BRDA:65,7,0,0
BRDA:65,7,1,0
BRDA:69,8,0,0
BRDA:69,8,1,0
BRDA:69,9,0,0
BRDA:69,9,1,0
BRDA:80,10,0,0
BRDA:80,10,1,0
BRDA:80,11,0,0
BRDA:80,11,1,0
BRDA:85,12,0,0
BRDA:85,12,1,0
BRDA:90,13,0,0
BRDA:90,13,1,0
BRDA:90,14,0,0
BRDA:90,14,1,0
BRDA:94,15,0,0
BRDA:94,15,1,0
BRDA:95,16,0,0
BRDA:95,16,1,0
BRDA:95,17,0,0
BRDA:95,17,1,0
BRDA:95,17,2,0
BRDA:100,18,0,0
BRDA:100,18,1,0
BRDA:112,19,0,0
BRDA:112,19,1,0
BRDA:114,20,0,0
BRDA:114,20,1,0
BRDA:120,21,0,0
BRDA:120,21,1,0
BRDA:125,22,0,0
BRDA:125,22,1,0
BRDA:125,23,0,0
BRDA:125,23,1,0
BRDA:130,24,0,0
BRDA:130,24,1,0
BRDA:130,25,0,0
BRDA:130,25,1,0
BRDA:139,26,0,0
BRDA:139,26,1,0
BRDA:139,27,0,0
BRDA:139,27,1,0
BRDA:143,28,0,0
BRDA:143,28,1,0
BRDA:143,29,0,0
BRDA:143,29,1,0
BRDA:144,30,0,0
BRDA:144,30,1,0
BRDA:144,31,0,0
BRDA:144,31,1,0
BRDA:157,32,0,0
BRDA:157,32,1,0
BRDA:157,33,0,0
BRDA:157,33,1,0
BRDA:157,33,2,0
BRDA:161,34,0,0
BRDA:161,34,1,0
BRDA:161,35,0,0
BRDA:161,35,1,0
BRDA:167,36,0,0
BRDA:167,36,1,0
BRDA:173,37,0,0
BRDA:173,37,1,0
BRDA:173,38,0,0
BRDA:173,38,1,0
BRDA:175,39,0,0
BRDA:175,39,1,0
BRDA:177,40,0,0
BRDA:177,40,1,0
BRDA:182,41,0,0
BRDA:182,41,1,0
BRDA:182,42,0,0
BRDA:182,42,1,0
BRDA:186,43,0,0
BRDA:186,43,1,0
BRDA:186,44,0,0
BRDA:186,44,1,0
BRDA:190,45,0,0
BRDA:190,45,1,0
BRDA:190,46,0,0
BRDA:190,46,1,0
BRDA:194,47,0,0
BRDA:194,47,1,0
BRDA:195,48,0,0
BRDA:195,48,1,0
BRDA:197,49,0,0
BRDA:197,49,1,0
BRDA:200,50,0,0
BRDA:200,50,1,0
BRDA:205,51,0,0
BRDA:205,51,1,0
BRDA:206,52,0,0
BRDA:206,52,1,0
BRDA:206,53,0,0
BRDA:206,53,1,0
BRDA:211,54,0,0
BRDA:211,54,1,0
BRDA:213,55,0,0
BRDA:213,55,1,0
BRDA:228,56,0,0
BRDA:228,56,1,0
BRDA:228,57,0,0
BRDA:228,57,1,0
BRDA:228,57,2,0
BRDA:232,58,0,0
BRDA:232,58,1,0
BRDA:232,59,0,0
BRDA:232,59,1,0
BRDA:232,59,2,0
BRDA:237,60,0,0
BRDA:237,60,1,0
BRDA:237,61,0,0
BRDA:237,61,1,0
BRDA:241,62,0,0
BRDA:241,62,1,0
BRDA:241,63,0,0
BRDA:241,63,1,0
BRDA:245,64,0,0
BRDA:245,64,1,0
BRDA:245,65,0,0
BRDA:245,65,1,0
BRDA:250,66,0,0
BRDA:250,66,1,0
BRDA:278,67,0,0
BRDA:278,67,1,0
BRDA:290,68,0,0
BRDA:290,68,1,0
BRDA:290,69,0,0
BRDA:290,69,1,0
BRDA:290,69,2,0
BRDA:295,70,0,0
BRDA:295,70,1,0
BRDA:295,71,0,0
BRDA:295,71,1,0
BRDA:299,72,0,0
BRDA:299,72,1,0
BRDA:299,73,0,0
BRDA:299,73,1,0
BRDA:304,74,0,0
BRDA:304,74,1,0
BRDA:309,75,0,0
BRDA:309,75,1,0
BRDA:314,76,0,0
BRDA:314,76,1,0
BRDA:319,77,0,0
BRDA:319,77,1,0
BRDA:330,78,0,0
BRDA:330,78,1,0
BRDA:330,79,0,0
BRDA:330,79,1,0
BRDA:334,80,0,0
BRDA:334,80,1,0
BRDA:335,81,0,0
BRDA:335,81,1,0
BRDA:335,82,0,0
BRDA:335,82,1,0
BRDA:335,82,2,0
BRDA:340,83,0,0
BRDA:340,83,1,0
BRDA:341,84,0,0
BRDA:341,84,1,0
BRDA:341,85,0,0
BRDA:341,85,1,0
BRDA:341,85,2,0
BRDA:346,86,0,0
BRDA:346,86,1,0
BRDA:346,87,0,0
BRDA:346,87,1,0
BRDA:347,88,0,0
BRDA:347,88,1,0
BRDA:352,89,0,0
BRDA:352,89,1,0
BRDA:353,90,0,0
BRDA:353,90,1,0
BRDA:358,91,0,0
BRDA:358,91,1,0
BRDA:369,92,0,0
BRDA:369,92,1,0
BRDA:369,93,0,0
BRDA:369,93,1,0
BRDA:373,94,0,0
BRDA:373,94,1,0
BRDA:374,95,0,0
BRDA:374,95,1,0
BRDA:374,96,0,0
BRDA:374,96,1,0
BRDA:384,97,0,0
BRDA:384,97,1,0
BRDA:384,98,0,0
BRDA:384,98,1,0
BRDA:388,99,0,0
BRDA:388,99,1,0
BRDA:389,100,0,0
BRDA:389,100,1,0
BRDA:389,101,0,0
BRDA:389,101,1,0
BRDA:399,102,0,0
BRDA:399,102,1,0
BRDA:399,103,0,0
BRDA:399,103,1,0
BRDA:403,104,0,0
BRDA:403,104,1,0
BRDA:404,105,0,0
BRDA:404,105,1,0
BRDA:404,106,0,0
BRDA:404,106,1,0
BRDA:414,107,0,0
BRDA:414,107,1,0
BRDA:414,108,0,0
BRDA:414,108,1,0
BRDA:427,109,0,0
BRDA:427,109,1,0
BRDA:427,110,0,0
BRDA:427,110,1,0
BRDA:439,111,0,0
BRDA:439,111,1,0
BRDA:451,112,0,0
BRDA:451,112,1,0
BRDA:461,113,0,0
BRDA:461,113,1,0
BRF:236
BRH:0
end_of_record
